WARNING 2025-07-07 01:17:02,836 log 100882 139670402785280 Not Found: /yavuz-c/
WARNING 2025-07-07 01:21:15,866 log 100883 139670402785280 Not Found: /omer-faruk-sezgin/
WARNING 2025-07-07 01:23:10,069 log 100880 139670402785280 Not Found: /kullanici-girisi/
WARNING 2025-07-07 01:25:05,159 log 100883 139670402785280 Not Found: /omer-faruk-sezgin/
WARNING 2025-07-07 01:26:20,012 log 100882 139670402785280 Not Found: /ayse-d/
WARNING 2025-07-07 01:29:58,186 log 102720 140608496861184 Not Found: /omer-faruk-sezgin/
WARNING 2025-07-07 01:38:17,697 log 102720 140608496861184 Not Found: /tyt-kimya/
WARNING 2025-07-07 01:49:01,118 log 102721 140608496861184 Not Found: /actuator/gateway/routes
WARNING 2025-07-07 01:50:59,146 log 102721 140608496861184 Not Found: /tyt-cografya
WARNING 2025-07-07 02:17:04,010 log 102720 140608496861184 Not Found: /psikoloji/
WARNING 2025-07-07 02:19:55,083 log 102720 140608496861184 Not Found: /robots.txt
WARNING 2025-07-07 02:19:55,271 log 102721 140608496861184 Not Found: /mimarlik/
WARNING 2025-07-07 02:35:33,248 log 102721 140608496861184 Not Found: /tag/tercih-yokatlas-yok2022-yks-ykstercih-ykstercihler-tercih2023-kpss-yoktercih-kampuslu-kampuslutercih-universiterehberi-siralama-gunceltercih-guncelykstercih-tercihrehberi/page/2/
WARNING 2025-07-07 02:45:36,607 log 102720 140608496861184 Not Found: /ogrenci/
WARNING 2025-07-07 02:49:24,624 log 102722 140608496861184 Not Found: /accounts/login/
WARNING 2025-07-07 03:04:21,224 log 102722 140608496861184 Not Found: /isletme/
WARNING 2025-07-07 03:06:57,149 log 102720 140608496861184 Not Found: /eczacilik/
WARNING 2025-07-07 03:10:36,516 log 102721 140608496861184 Not Found: /giris2/
WARNING 2025-07-07 03:15:56,340 log 102720 140608496861184 Not Found: /tyt-tarih
WARNING 2025-07-07 04:19:58,363 log 102722 140608496861184 Not Found: /kimyanin-sembolik-dili/
WARNING 2025-07-07 06:51:04,151 log 102722 140608496861184 Not Found: /sikca-sorulan-sorular/
WARNING 2025-07-07 08:48:21,723 log 102722 140608496861184 Not Found: /endustri-muhendisligi/
WARNING 2025-07-07 09:06:12,225 log 102721 140608496861184 Not Found: /tyt-kimya/
WARNING 2025-07-07 09:08:06,084 log 102721 140608496861184 Not Found: /category/trderecelerinden/dersnotlari/tyt/page/1/
WARNING 2025-07-07 09:10:01,364 log 102720 140608496861184 Not Found: /biz-kimiz/
WARNING 2025-07-07 13:53:54,871 log 102720 140608496861184 Not Found: /ayt-notu/
WARNING 2025-07-07 13:53:55,863 log 102721 140608496861184 Not Found: /ayt-notu/
WARNING 2025-07-07 14:25:15,639 log 102722 140608496861184 Not Found: /yks/
WARNING 2025-07-07 14:27:10,685 log 102721 140608496861184 Not Found: /category/yks-rehberi/
WARNING 2025-07-07 15:03:37,692 log 102720 140608496861184 Not Found: /wordpress/wp-admin/setup-config.php
WARNING 2025-07-07 15:04:13,195 log 102722 140608496861184 Not Found: /wp-admin/setup-config.php
WARNING 2025-07-07 15:05:16,208 log 102720 140608496861184 Not Found: /wordpress/wp-admin/setup-config.php
WARNING 2025-07-07 15:12:03,616 log 102720 140608496861184 Not Found: /category/trderecelerinden/dersnotlari/tyt/tyt-tarih/
WARNING 2025-07-07 15:22:09,594 log 112373 139837467213824 Not Found: /wp-admin/setup-config.php
WARNING 2025-07-07 15:25:02,744 log 112539 139817180397568 Not Found: /wordpress/wp-admin/setup-config.php
WARNING 2025-07-07 15:25:22,468 log 112540 139817180397568 Not Found: /wordpress/wp-admin/setup-config.php
WARNING 2025-07-07 15:25:56,067 log 112543 139817180397568 Not Found: /wp-admin/setup-config.php
WARNING 2025-07-07 15:26:06,703 log 112540 139817180397568 Not Found: /5/130/narodanimat-1/index.html
WARNING 2025-07-07 15:26:08,011 log 112543 139817180397568 Not Found: /favicon.ico
WARNING 2025-07-07 15:26:08,197 log 112540 139817180397568 Not Found: /favicon.ico
WARNING 2025-07-07 15:26:08,378 log 112543 139817180397568 Not Found: /5/130/narodanimat-1/index.html
WARNING 2025-07-07 15:26:08,569 log 112540 139817180397568 Not Found: /favicon.ico
WARNING 2025-07-07 15:26:09,044 log 112543 139817180397568 Not Found: /merchant/z/payment/
WARNING 2025-07-07 15:26:09,533 log 112540 139817180397568 Not Found: /favicon.ico
WARNING 2025-07-07 15:26:09,716 log 112543 139817180397568 Not Found: /favicon.ico
WARNING 2025-07-07 15:26:09,895 log 112540 139817180397568 Not Found: /merchant/z/payment/
WARNING 2025-07-07 15:26:10,087 log 112543 139817180397568 Not Found: /favicon.ico
WARNING 2025-07-07 15:26:10,560 log 112543 139817180397568 Not Found: /3ds.php
WARNING 2025-07-07 15:26:11,030 log 112539 139817180397568 Not Found: /favicon.ico
WARNING 2025-07-07 15:26:11,212 log 112543 139817180397568 Not Found: /favicon.ico
WARNING 2025-07-07 15:26:11,407 log 112539 139817180397568 Not Found: /3ds.php
WARNING 2025-07-07 15:26:11,586 log 112543 139817180397568 Not Found: /favicon.ico
WARNING 2025-07-07 15:26:12,304 log 112540 139817180397568 Not Found: /merchant/code
WARNING 2025-07-07 15:26:12,801 log 112539 139817180397568 Not Found: /favicon.ico
WARNING 2025-07-07 15:26:12,976 log 112543 139817180397568 Not Found: /favicon.ico
WARNING 2025-07-07 15:26:13,159 log 112539 139817180397568 Not Found: /merchant/code
WARNING 2025-07-07 15:26:13,335 log 112543 139817180397568 Not Found: /favicon.ico
WARNING 2025-07-07 15:26:14,165 log 112539 139817180397568 Not Found: /3ds1633693954432212
WARNING 2025-07-07 15:26:14,624 log 112543 139817180397568 Not Found: /favicon.ico
WARNING 2025-07-07 15:26:14,801 log 112539 139817180397568 Not Found: /favicon.ico
WARNING 2025-07-07 15:26:14,975 log 112543 139817180397568 Not Found: /3ds1633693954432212
WARNING 2025-07-07 15:26:15,151 log 112539 139817180397568 Not Found: /favicon.ico
WARNING 2025-07-07 15:32:14,176 log 113402 140716630650880 Not Found: /.env
WARNING 2025-07-07 15:42:17,287 log 114635 140252439166976 Not Found: /wordpress/wp-admin/setup-config.php
WARNING 2025-07-07 15:42:20,631 log 114635 140252439166976 Not Found: /wordpress/wp-admin/setup-config.php
WARNING 2025-07-07 15:43:40,571 log 114636 140252439166976 Not Found: /wp-admin/setup-config.php
WARNING 2025-07-07 15:44:38,891 services 114637 140252439166976 User 1 için aktif push token bulunamadı
WARNING 2025-07-07 15:46:27,213 services 114636 140252439166976 User 1 için aktif push token bulunamadı
WARNING 2025-07-07 15:46:31,446 services 114637 140252439166976 User 2 için aktif push token bulunamadı
WARNING 2025-07-07 15:46:56,598 log 114637 140252439166976 Not Found: /hello.world
WARNING 2025-07-07 15:46:59,282 log 114635 140252439166976 Not Found: /vendor/phpunit/phpunit/src/Util/PHP/eval-stdin.php
WARNING 2025-07-07 15:47:02,147 log 114637 140252439166976 Not Found: /vendor/phpunit/phpunit/Util/PHP/eval-stdin.php
WARNING 2025-07-07 15:47:06,106 log 114636 140252439166976 Not Found: /vendor/phpunit/src/Util/PHP/eval-stdin.php
WARNING 2025-07-07 15:47:09,866 log 114637 140252439166976 Not Found: /vendor/phpunit/Util/PHP/eval-stdin.php
WARNING 2025-07-07 15:47:13,352 log 114636 140252439166976 Not Found: /vendor/phpunit/phpunit/LICENSE/eval-stdin.php
WARNING 2025-07-07 15:47:16,270 log 114637 140252439166976 Not Found: /vendor/vendor/phpunit/phpunit/src/Util/PHP/eval-stdin.php
WARNING 2025-07-07 15:47:19,254 log 114635 140252439166976 Not Found: /phpunit/phpunit/src/Util/PHP/eval-stdin.php
WARNING 2025-07-07 15:47:22,385 log 114637 140252439166976 Not Found: /phpunit/phpunit/Util/PHP/eval-stdin.php
WARNING 2025-07-07 15:47:25,764 log 114635 140252439166976 Not Found: /phpunit/src/Util/PHP/eval-stdin.php
WARNING 2025-07-07 15:47:29,304 log 114637 140252439166976 Not Found: /phpunit/Util/PHP/eval-stdin.php
WARNING 2025-07-07 15:47:32,812 log 114636 140252439166976 Not Found: /lib/phpunit/phpunit/src/Util/PHP/eval-stdin.php
WARNING 2025-07-07 15:47:35,213 log 114637 140252439166976 Not Found: /lib/phpunit/phpunit/Util/PHP/eval-stdin.php
WARNING 2025-07-07 15:47:38,369 log 114636 140252439166976 Not Found: /lib/phpunit/src/Util/PHP/eval-stdin.php
WARNING 2025-07-07 15:47:41,544 log 114637 140252439166976 Not Found: /lib/phpunit/Util/PHP/eval-stdin.php
WARNING 2025-07-07 15:47:44,386 log 114635 140252439166976 Not Found: /lib/vendor/phpunit/phpunit/src/Util/PHP/eval-stdin.php
WARNING 2025-07-07 15:47:47,264 log 114637 140252439166976 Not Found: /laravel/vendor/phpunit/phpunit/src/Util/PHP/eval-stdin.php
WARNING 2025-07-07 15:47:50,572 log 114635 140252439166976 Not Found: /www/vendor/phpunit/phpunit/src/Util/PHP/eval-stdin.php
WARNING 2025-07-07 15:47:55,029 log 114638 139720654845504 Not Found: /ws/vendor/phpunit/phpunit/src/Util/PHP/eval-stdin.php
WARNING 2025-07-07 15:47:57,410 log 114637 140252439166976 Not Found: /yii/vendor/phpunit/phpunit/src/Util/PHP/eval-stdin.php
WARNING 2025-07-07 15:48:00,480 log 114636 140252439166976 Not Found: /zend/vendor/phpunit/phpunit/src/Util/PHP/eval-stdin.php
WARNING 2025-07-07 15:48:03,924 log 114638 139720645404224 Not Found: /ws/ec/vendor/phpunit/phpunit/src/Util/PHP/eval-stdin.php
WARNING 2025-07-07 15:48:06,836 log 114637 140252439166976 Not Found: /V2/vendor/phpunit/phpunit/src/Util/PHP/eval-stdin.php
WARNING 2025-07-07 15:48:09,880 log 114635 140252439166976 Not Found: /tests/vendor/phpunit/phpunit/src/Util/PHP/eval-stdin.php
WARNING 2025-07-07 15:48:13,153 log 114637 140252439166976 Not Found: /test/vendor/phpunit/phpunit/src/Util/PHP/eval-stdin.php
WARNING 2025-07-07 15:48:16,126 log 114635 140252439166976 Not Found: /testing/vendor/phpunit/phpunit/src/Util/PHP/eval-stdin.php
WARNING 2025-07-07 15:48:19,011 log 114635 140252439166976 Not Found: /api/vendor/phpunit/phpunit/src/Util/PHP/eval-stdin.php
WARNING 2025-07-07 15:48:21,778 log 114635 140252439166976 Not Found: /demo/vendor/phpunit/phpunit/src/Util/PHP/eval-stdin.php
WARNING 2025-07-07 15:48:24,751 log 114636 140252439166976 Not Found: /cms/vendor/phpunit/phpunit/src/Util/PHP/eval-stdin.php
WARNING 2025-07-07 15:48:27,628 log 114635 140252439166976 Not Found: /crm/vendor/phpunit/phpunit/src/Util/PHP/eval-stdin.php
WARNING 2025-07-07 15:48:33,450 log 114637 140252439166976 Not Found: /backup/vendor/phpunit/phpunit/src/Util/PHP/eval-stdin.php
WARNING 2025-07-07 15:48:36,485 log 114636 140252439166976 Not Found: /blog/vendor/phpunit/phpunit/src/Util/PHP/eval-stdin.php
WARNING 2025-07-07 15:48:39,301 log 114637 140252439166976 Not Found: /workspace/drupal/vendor/phpunit/phpunit/src/Util/PHP/eval-stdin.php
WARNING 2025-07-07 15:48:42,279 log 114636 140252439166976 Not Found: /panel/vendor/phpunit/phpunit/src/Util/PHP/eval-stdin.php
WARNING 2025-07-07 15:48:43,885 log 114637 140252439166976 Not Found: /robots.txt
WARNING 2025-07-07 15:48:45,103 log 114635 140252439166976 Not Found: /public/vendor/phpunit/phpunit/src/Util/PHP/eval-stdin.php
WARNING 2025-07-07 15:48:48,028 log 114635 140252439166976 Not Found: /apps/vendor/phpunit/phpunit/src/Util/PHP/eval-stdin.php
WARNING 2025-07-07 15:48:51,127 log 114635 140252439166976 Not Found: /app/vendor/phpunit/phpunit/src/Util/PHP/eval-stdin.php
WARNING 2025-07-07 15:48:54,325 log 114637 140252439166976 Not Found: /index.php
WARNING 2025-07-07 15:48:57,155 log 114635 140252439166976 Not Found: /public/index.php
WARNING 2025-07-07 15:48:59,921 log 114637 140252439166976 Not Found: /index.php
WARNING 2025-07-07 15:49:03,218 log 114636 140252439166976 Not Found: /index.php
WARNING 2025-07-07 15:49:06,553 log 114637 140252439166976 Not Found: /containers/json
WARNING 2025-07-07 15:53:19,293 services 114635 140252439166976 User 2 için aktif push token bulunamadı
WARNING 2025-07-07 15:53:26,822 services 114637 140252439166976 User 1 için aktif push token bulunamadı
WARNING 2025-07-07 15:55:08,201 log 114635 140252439166976 Not Found: /api/v1/profiles/1/following/
WARNING 2025-07-07 15:55:08,412 log 114635 140252439166976 Not Found: /api/v1/profiles/1/followers/
WARNING 2025-07-07 15:55:52,113 services 114636 140252439166976 User 2 için aktif push token bulunamadı
WARNING 2025-07-07 15:55:57,042 services 114635 140252439166976 User 1 için aktif push token bulunamadı
WARNING 2025-07-07 15:57:35,242 log 114635 140252439166976 Not Found: /robots.txt
WARNING 2025-07-07 16:00:33,916 log 114637 140252439166976 Not Found: /wp-admin/setup-config.php
WARNING 2025-07-07 16:01:32,630 log 114635 140252439166976 Not Found: /wp-admin/setup-config.php
WARNING 2025-07-07 16:03:32,307 services 114635 140252439166976 User 1 için aktif push token bulunamadı
WARNING 2025-07-07 16:03:41,564 services 114637 140252439166976 User 2 için aktif push token bulunamadı
WARNING 2025-07-07 16:17:52,718 services 114637 140252439166976 User 2 için aktif push token bulunamadı
WARNING 2025-07-07 16:17:59,369 services 114635 140252439166976 User 1 için aktif push token bulunamadı
WARNING 2025-07-07 16:18:32,760 services 114636 140252439166976 User 2 için aktif push token bulunamadı
WARNING 2025-07-07 16:19:21,635 log 114635 140252439166976 Not Found: /api/v1/profiles/1/following/
WARNING 2025-07-07 16:19:21,692 log 114635 140252439166976 Not Found: /api/v1/profiles/1/followers/
WARNING 2025-07-07 16:20:52,434 log 114637 140252439166976 Not Found: /api/v1/profiles/2/following/
WARNING 2025-07-07 16:20:52,533 log 114636 140252439166976 Not Found: /api/v1/profiles/2/followers/
WARNING 2025-07-07 16:21:08,096 log 114636 140252439166976 Not Found: /wordpress/wp-admin/setup-config.php
WARNING 2025-07-07 16:22:08,402 log 114635 140252439166976 Not Found: /wp-admin/setup-config.php
WARNING 2025-07-07 16:22:38,461 log 114637 140252439166976 Not Found: /wordpress/wp-admin/setup-config.php
WARNING 2025-07-07 16:24:18,462 log 114637 140252439166976 Not Found: /wp-admin/setup-config.php
WARNING 2025-07-07 16:26:13,456 log 114635 140252439166976 Not Found: /webui/
WARNING 2025-07-07 16:29:36,868 log 114637 140252439166976 Not Found: /favicon.ico
WARNING 2025-07-07 16:34:21,113 log 114635 140252439166976 Not Found: //wp-includes/ID3/license.txt
WARNING 2025-07-07 16:34:21,850 log 114636 140252439166976 Not Found: //feed/
WARNING 2025-07-07 16:34:21,991 log 114635 140252439166976 Not Found: //xmlrpc.php
WARNING 2025-07-07 16:34:22,133 log 114636 140252439166976 Not Found: //blog/wp-includes/wlwmanifest.xml
WARNING 2025-07-07 16:34:22,277 log 114637 140252439166976 Not Found: //web/wp-includes/wlwmanifest.xml
WARNING 2025-07-07 16:34:22,425 log 114636 140252439166976 Not Found: //wordpress/wp-includes/wlwmanifest.xml
WARNING 2025-07-07 16:34:22,570 log 114637 140252439166976 Not Found: //wp/wp-includes/wlwmanifest.xml
WARNING 2025-07-07 16:34:22,713 log 114636 140252439166976 Not Found: //2020/wp-includes/wlwmanifest.xml
WARNING 2025-07-07 16:34:22,861 log 114637 140252439166976 Not Found: //2019/wp-includes/wlwmanifest.xml
WARNING 2025-07-07 16:34:23,003 log 114636 140252439166976 Not Found: //2021/wp-includes/wlwmanifest.xml
WARNING 2025-07-07 16:34:23,147 log 114637 140252439166976 Not Found: //shop/wp-includes/wlwmanifest.xml
WARNING 2025-07-07 16:34:23,288 log 114636 140252439166976 Not Found: //wp1/wp-includes/wlwmanifest.xml
WARNING 2025-07-07 16:34:23,430 log 114635 140252439166976 Not Found: //test/wp-includes/wlwmanifest.xml
WARNING 2025-07-07 16:34:23,575 log 114636 140252439166976 Not Found: //site/wp-includes/wlwmanifest.xml
WARNING 2025-07-07 16:34:23,717 log 114635 140252439166976 Not Found: //cms/wp-includes/wlwmanifest.xml
WARNING 2025-07-07 16:40:15,906 log 114635 140252439166976 Not Found: /wp-admin/setup-config.php
WARNING 2025-07-07 16:40:25,377 log 114636 140252439166976 Not Found: /wp-admin/setup-config.php
WARNING 2025-07-07 16:40:45,520 log 114637 140252439166976 Not Found: /wordpress/wp-admin/setup-config.php
WARNING 2025-07-07 16:41:55,776 log 114635 140252439166976 Not Found: /geoserver/web/
WARNING 2025-07-07 16:42:32,748 log 114637 140252439166976 Not Found: /wordpress/wp-admin/setup-config.php
WARNING 2025-07-07 16:45:55,988 log 114637 140252439166976 Not Found: /.git/config
WARNING 2025-07-07 16:59:01,790 log 114637 140252439166976 Not Found: /wp-admin/setup-config.php
WARNING 2025-07-07 16:59:40,839 log 114635 140252439166976 Not Found: /wordpress/wp-admin/setup-config.php
WARNING 2025-07-07 17:02:24,602 log 114637 140252439166976 Not Found: /wordpress/wp-admin/setup-config.php
WARNING 2025-07-07 17:03:03,307 log 114636 140252439166976 Not Found: /wp-admin/setup-config.php
WARNING 2025-07-07 17:12:05,824 log 114636 140252439166976 Not Found: /wp-admin/setup-config.php
WARNING 2025-07-07 17:12:45,711 log 114635 140252439166976 Not Found: /wp-admin/setup-config.php
WARNING 2025-07-07 17:13:10,216 log 114636 140252439166976 Not Found: /wordpress/wp-admin/setup-config.php
WARNING 2025-07-07 17:13:25,697 log 114635 140252439166976 Not Found: /wordpress/wp-admin/setup-config.php
WARNING 2025-07-07 17:29:14,312 log 114635 140252439166976 Not Found: /wordpress/wp-admin/setup-config.php
WARNING 2025-07-07 17:30:07,339 log 114635 140252439166976 Not Found: /wordpress/wp-admin/setup-config.php
WARNING 2025-07-07 17:30:07,652 log 114636 140252439166976 Not Found: /wp-admin/setup-config.php
WARNING 2025-07-07 17:30:46,805 log 114637 140252439166976 Not Found: /wp-admin/setup-config.php
WARNING 2025-07-07 17:34:05,009 log 114637 140252439166976 Not Found: /wp-admin/setup-config.php
WARNING 2025-07-07 17:44:04,284 log 114635 140252439166976 Not Found: //wp-includes/wlwmanifest.xml
WARNING 2025-07-07 17:44:04,521 log 114636 140252439166976 Not Found: //xmlrpc.php
WARNING 2025-07-07 17:44:04,968 log 114636 140252439166976 Not Found: //blog/wp-includes/wlwmanifest.xml
WARNING 2025-07-07 17:44:05,198 log 114635 140252439166976 Not Found: //web/wp-includes/wlwmanifest.xml
WARNING 2025-07-07 17:44:05,421 log 114636 140252439166976 Not Found: //wordpress/wp-includes/wlwmanifest.xml
WARNING 2025-07-07 17:44:05,641 log 114635 140252439166976 Not Found: //website/wp-includes/wlwmanifest.xml
WARNING 2025-07-07 17:44:05,877 log 114637 140252439166976 Not Found: //wp/wp-includes/wlwmanifest.xml
WARNING 2025-07-07 17:44:06,111 log 114635 140252439166976 Not Found: //news/wp-includes/wlwmanifest.xml
WARNING 2025-07-07 17:44:06,338 log 114637 140252439166976 Not Found: //2020/wp-includes/wlwmanifest.xml
WARNING 2025-07-07 17:44:06,580 log 114635 140252439166976 Not Found: //2019/wp-includes/wlwmanifest.xml
WARNING 2025-07-07 17:44:06,807 log 114637 140252439166976 Not Found: //shop/wp-includes/wlwmanifest.xml
WARNING 2025-07-07 17:44:07,029 log 114635 140252439166976 Not Found: //wp1/wp-includes/wlwmanifest.xml
WARNING 2025-07-07 17:44:07,250 log 114637 140252439166976 Not Found: //test/wp-includes/wlwmanifest.xml
WARNING 2025-07-07 17:44:07,472 log 114635 140252439166976 Not Found: //wp2/wp-includes/wlwmanifest.xml
WARNING 2025-07-07 17:44:07,693 log 114637 140252439166976 Not Found: //site/wp-includes/wlwmanifest.xml
WARNING 2025-07-07 17:44:07,917 log 114635 140252439166976 Not Found: //cms/wp-includes/wlwmanifest.xml
WARNING 2025-07-07 17:44:08,141 log 114637 140252439166976 Not Found: //sito/wp-includes/wlwmanifest.xml
WARNING 2025-07-07 17:50:37,515 log 114637 140252439166976 Not Found: /wp-admin/setup-config.php
WARNING 2025-07-07 17:50:48,081 log 114636 140252439166976 Not Found: /wordpress/wp-admin/setup-config.php
WARNING 2025-07-07 17:51:46,509 log 114635 140252439166976 Not Found: /wordpress/wp-admin/setup-config.php
WARNING 2025-07-07 17:52:11,595 log 114636 140252439166976 Not Found: /wp-admin/setup-config.php
WARNING 2025-07-07 18:07:51,753 log 114637 140252439166976 Not Found: /wordpress/wp-admin/setup-config.php
WARNING 2025-07-07 18:08:16,888 log 114636 140252439166976 Not Found: /wp-admin/setup-config.php
WARNING 2025-07-07 18:08:21,753 log 114635 140252439166976 Not Found: /wp-admin/setup-config.php
WARNING 2025-07-07 18:09:58,888 log 114637 140252439166976 Not Found: /wordpress/wp-admin/setup-config.php
WARNING 2025-07-07 18:16:47,547 log 114635 140252439166976 Not Found: /.env
WARNING 2025-07-07 18:25:36,004 log 114635 140252439166976 Not Found: /wordpress/wp-admin/setup-config.php
WARNING 2025-07-07 18:25:55,842 log 114637 140252439166976 Not Found: /wordpress/wp-admin/setup-config.php
WARNING 2025-07-07 18:26:00,062 log 114635 140252439166976 Not Found: /wp-admin/setup-config.php
WARNING 2025-07-07 18:26:00,334 log 114637 140252439166976 Not Found: /wp-admin/setup-config.php
WARNING 2025-07-07 18:45:32,630 log 114636 140252439166976 Not Found: /wordpress/wp-admin/setup-config.php
WARNING 2025-07-07 18:46:27,878 log 114637 140252439166976 Not Found: /wp-admin/setup-config.php
WARNING 2025-07-07 18:46:45,993 log 114637 140252439166976 Not Found: //wp-includes/wlwmanifest.xml
WARNING 2025-07-07 18:46:46,218 log 114635 140252439166976 Not Found: //xmlrpc.php
WARNING 2025-07-07 18:46:46,666 log 114635 140252439166976 Not Found: //blog/wp-includes/wlwmanifest.xml
WARNING 2025-07-07 18:46:46,882 log 114637 140252439166976 Not Found: //web/wp-includes/wlwmanifest.xml
WARNING 2025-07-07 18:46:47,098 log 114635 140252439166976 Not Found: //wordpress/wp-includes/wlwmanifest.xml
WARNING 2025-07-07 18:46:50,564 log 114637 140252439166976 Not Found: //website/wp-includes/wlwmanifest.xml
WARNING 2025-07-07 18:46:50,785 log 114635 140252439166976 Not Found: //wp/wp-includes/wlwmanifest.xml
WARNING 2025-07-07 18:46:51,002 log 114637 140252439166976 Not Found: //news/wp-includes/wlwmanifest.xml
WARNING 2025-07-07 18:46:51,217 log 114635 140252439166976 Not Found: //2018/wp-includes/wlwmanifest.xml
WARNING 2025-07-07 18:46:51,434 log 114637 140252439166976 Not Found: //2019/wp-includes/wlwmanifest.xml
WARNING 2025-07-07 18:46:51,660 log 114635 140252439166976 Not Found: //shop/wp-includes/wlwmanifest.xml
WARNING 2025-07-07 18:46:51,883 log 114637 140252439166976 Not Found: //wp1/wp-includes/wlwmanifest.xml
WARNING 2025-07-07 18:46:52,102 log 114635 140252439166976 Not Found: //test/wp-includes/wlwmanifest.xml
WARNING 2025-07-07 18:46:52,532 log 114637 140252439166976 Not Found: //wp2/wp-includes/wlwmanifest.xml
WARNING 2025-07-07 18:46:52,758 log 114635 140252439166976 Not Found: //site/wp-includes/wlwmanifest.xml
WARNING 2025-07-07 18:46:52,981 log 114637 140252439166976 Not Found: //cms/wp-includes/wlwmanifest.xml
WARNING 2025-07-07 18:46:53,201 log 114635 140252439166976 Not Found: //sito/wp-includes/wlwmanifest.xml
WARNING 2025-07-07 18:47:17,849 log 114636 140252439166976 Not Found: /wordpress/wp-admin/setup-config.php
WARNING 2025-07-07 18:48:23,013 log 114636 140252439166976 Not Found: /wp-admin/setup-config.php
WARNING 2025-07-07 19:06:29,710 log 114637 140252439166976 Not Found: //wp-includes/wlwmanifest.xml
WARNING 2025-07-07 19:06:29,920 log 114636 140252439166976 Not Found: //xmlrpc.php
WARNING 2025-07-07 19:06:31,191 log 114636 140252439166976 Not Found: //blog/wp-includes/wlwmanifest.xml
WARNING 2025-07-07 19:06:31,405 log 114637 140252439166976 Not Found: //web/wp-includes/wlwmanifest.xml
WARNING 2025-07-07 19:06:31,613 log 114636 140252439166976 Not Found: //wordpress/wp-includes/wlwmanifest.xml
WARNING 2025-07-07 19:06:31,820 log 114637 140252439166976 Not Found: //website/wp-includes/wlwmanifest.xml
WARNING 2025-07-07 19:06:32,029 log 114636 140252439166976 Not Found: //wp/wp-includes/wlwmanifest.xml
WARNING 2025-07-07 19:06:32,236 log 114637 140252439166976 Not Found: //news/wp-includes/wlwmanifest.xml
WARNING 2025-07-07 19:06:32,440 log 114636 140252439166976 Not Found: //2018/wp-includes/wlwmanifest.xml
WARNING 2025-07-07 19:06:32,647 log 114635 140252439166976 Not Found: //2019/wp-includes/wlwmanifest.xml
WARNING 2025-07-07 19:06:32,854 log 114637 140252439166976 Not Found: //shop/wp-includes/wlwmanifest.xml
WARNING 2025-07-07 19:06:33,061 log 114635 140252439166976 Not Found: //wp1/wp-includes/wlwmanifest.xml
WARNING 2025-07-07 19:06:33,266 log 114637 140252439166976 Not Found: //test/wp-includes/wlwmanifest.xml
WARNING 2025-07-07 19:06:33,666 log 114635 140252439166976 Not Found: //wp2/wp-includes/wlwmanifest.xml
WARNING 2025-07-07 19:06:33,868 log 114637 140252439166976 Not Found: //site/wp-includes/wlwmanifest.xml
WARNING 2025-07-07 19:06:34,074 log 114636 140252439166976 Not Found: //cms/wp-includes/wlwmanifest.xml
WARNING 2025-07-07 19:06:34,279 log 114637 140252439166976 Not Found: //sito/wp-includes/wlwmanifest.xml
WARNING 2025-07-07 19:07:29,082 log 114637 140252439166976 Not Found: /wp-admin/setup-config.php
WARNING 2025-07-07 19:07:57,065 log 114635 140252439166976 Not Found: /wp-admin/setup-config.php
WARNING 2025-07-07 19:08:05,845 log 114636 140252439166976 Not Found: /wordpress/wp-admin/setup-config.php
WARNING 2025-07-07 19:08:19,804 log 114637 140252439166976 Not Found: /wordpress/wp-admin/setup-config.php
WARNING 2025-07-07 19:23:32,694 log 114636 140252439166976 Not Found: /ads.txt
WARNING 2025-07-07 19:23:56,952 log 114635 140252439166976 Not Found: /wp-admin/setup-config.php
WARNING 2025-07-07 19:25:03,580 log 114635 140252439166976 Not Found: /wp-admin/setup-config.php
WARNING 2025-07-07 19:25:33,138 log 114636 140252439166976 Not Found: /wordpress/wp-admin/setup-config.php
WARNING 2025-07-07 19:27:30,315 log 114635 140252439166976 Not Found: /wordpress/wp-admin/setup-config.php
WARNING 2025-07-07 19:28:02,750 log 114635 140252439166976 Not Found: /elektrik-elektronik-muhendisligi/
WARNING 2025-07-07 19:32:54,587 services 114635 140252439166976 User 1 için aktif push token bulunamadı
WARNING 2025-07-07 19:35:02,785 services 114636 140252439166976 User 2 için aktif push token bulunamadı
WARNING 2025-07-07 19:41:05,787 services 116766 140622311899136 User 1 için aktif push token bulunamadı
WARNING 2025-07-07 19:41:10,882 services 116766 140622311899136 User 2 için aktif push token bulunamadı
WARNING 2025-07-07 19:41:16,311 log 116765 140622311899136 Not Found: /api/v1/posts/posts/user_posts/
WARNING 2025-07-07 19:44:03,181 services 116763 140622311899136 User 1 için aktif push token bulunamadı
WARNING 2025-07-07 19:44:05,921 log 116766 140622311899136 Not Found: /wordpress/wp-admin/setup-config.php
WARNING 2025-07-07 19:45:02,502 services 116765 140622311899136 User 1 için aktif push token bulunamadı
WARNING 2025-07-07 19:46:13,113 services 116763 140622311899136 User 1 için aktif push token bulunamadı
WARNING 2025-07-07 19:46:14,118 log 116766 140622311899136 Not Found: /wp-admin/setup-config.php
WARNING 2025-07-07 19:47:18,772 log 116763 140622311899136 Not Found: /wordpress/wp-admin/setup-config.php
WARNING 2025-07-07 19:48:03,900 log 116766 140622311899136 Not Found: /wp-admin/setup-config.php
WARNING 2025-07-07 19:49:29,758 services 116765 140622311899136 User 1 için aktif push token bulunamadı
WARNING 2025-07-07 19:53:52,898 log 116766 140622311899136 Bad Request: /api/v1/likes/likes/toggle/
WARNING 2025-07-07 20:03:53,018 log 116765 140622311899136 Not Found: /wp-admin/setup-config.php
WARNING 2025-07-07 20:04:26,917 log 116763 140622311899136 Not Found: //wp-includes/wlwmanifest.xml
WARNING 2025-07-07 20:04:27,160 log 116766 140622311899136 Not Found: //xmlrpc.php
WARNING 2025-07-07 20:04:27,750 log 116766 140622311899136 Not Found: //blog/wp-includes/wlwmanifest.xml
WARNING 2025-07-07 20:04:27,950 log 116765 140622311899136 Not Found: //web/wp-includes/wlwmanifest.xml
WARNING 2025-07-07 20:04:28,150 log 116766 140622311899136 Not Found: //wordpress/wp-includes/wlwmanifest.xml
WARNING 2025-07-07 20:04:28,353 log 116765 140622311899136 Not Found: //website/wp-includes/wlwmanifest.xml
WARNING 2025-07-07 20:04:28,557 log 116766 140622311899136 Not Found: //wp/wp-includes/wlwmanifest.xml
WARNING 2025-07-07 20:04:28,759 log 116765 140622311899136 Not Found: //news/wp-includes/wlwmanifest.xml
WARNING 2025-07-07 20:04:28,958 log 116766 140622311899136 Not Found: //2020/wp-includes/wlwmanifest.xml
WARNING 2025-07-07 20:04:29,162 log 116765 140622311899136 Not Found: //2019/wp-includes/wlwmanifest.xml
WARNING 2025-07-07 20:04:29,362 log 116766 140622311899136 Not Found: //shop/wp-includes/wlwmanifest.xml
WARNING 2025-07-07 20:04:29,559 log 116765 140622311899136 Not Found: //wp1/wp-includes/wlwmanifest.xml
WARNING 2025-07-07 20:04:29,760 log 116766 140622311899136 Not Found: //test/wp-includes/wlwmanifest.xml
WARNING 2025-07-07 20:04:29,962 log 116765 140622311899136 Not Found: //wp2/wp-includes/wlwmanifest.xml
WARNING 2025-07-07 20:04:30,179 log 116766 140622311899136 Not Found: //site/wp-includes/wlwmanifest.xml
WARNING 2025-07-07 20:04:30,380 log 116765 140622311899136 Not Found: //cms/wp-includes/wlwmanifest.xml
WARNING 2025-07-07 20:04:30,579 log 116766 140622311899136 Not Found: //sito/wp-includes/wlwmanifest.xml
WARNING 2025-07-07 20:04:37,009 log 116765 140622311899136 Not Found: /wordpress/wp-admin/setup-config.php
WARNING 2025-07-07 20:04:56,493 log 116766 140622311899136 Not Found: /wp-admin/setup-config.php
WARNING 2025-07-07 20:05:34,268 services 116765 140622311899136 User 1 için aktif push token bulunamadı
WARNING 2025-07-07 20:07:24,943 log 116766 140622311899136 Not Found: /wordpress/wp-admin/setup-config.php
WARNING 2025-07-07 20:09:31,026 services 116763 140622311899136 User 1 için aktif push token bulunamadı
WARNING 2025-07-07 20:09:33,729 services 116763 140622311899136 User 1 için aktif push token bulunamadı
WARNING 2025-07-07 20:09:43,554 services 116763 140622311899136 User 1 için aktif push token bulunamadı
WARNING 2025-07-07 20:09:46,532 services 116763 140622311899136 User 1 için aktif push token bulunamadı
WARNING 2025-07-07 20:09:50,209 services 116765 140622311899136 User 1 için aktif push token bulunamadı
WARNING 2025-07-07 20:10:06,271 services 116765 140622311899136 User 1 için aktif push token bulunamadı
WARNING 2025-07-07 20:11:53,870 log 116763 140622311899136 Not Found: /.env
WARNING 2025-07-07 20:11:54,781 log 116766 140622311899136 Not Found: /.git/config
WARNING 2025-07-07 20:12:36,946 log 116765 140622311899136 Not Found: /yazilim-muhendisligi/
WARNING 2025-07-07 20:13:02,341 services 116766 140622311899136 User 1 için aktif push token bulunamadı
WARNING 2025-07-07 20:13:31,928 services 116763 140622311899136 User 1 için aktif push token bulunamadı
WARNING 2025-07-07 20:14:31,629 services 116766 140622311899136 User 1 için aktif push token bulunamadı
WARNING 2025-07-07 20:14:45,630 log 116763 140622311899136 Not Found: /api/v1/posts/posts/user_posts/
WARNING 2025-07-07 20:14:58,746 services 116766 140622311899136 User 1 için aktif push token bulunamadı
WARNING 2025-07-07 20:17:42,090 log 116765 140622311899136 Not Found: /api/v1/posts/posts/user_posts/
WARNING 2025-07-07 20:21:55,670 log 116765 140622311899136 Not Found: /wordpress/wp-admin/setup-config.php
WARNING 2025-07-07 20:22:00,616 log 116763 140622311899136 Not Found: /wp-admin/setup-config.php
WARNING 2025-07-07 20:23:33,021 log 116763 140622311899136 Not Found: /wordpress/wp-admin/setup-config.php
WARNING 2025-07-07 20:24:35,842 log 116763 140622311899136 Not Found: /wp-admin/setup-config.php
WARNING 2025-07-07 20:26:56,908 log 116765 140622311899136 Not Found: /.well-known/traffic-advice
WARNING 2025-07-07 20:26:57,263 log 116763 140622311899136 Not Found: /.well-known/traffic-advice
WARNING 2025-07-07 20:39:08,363 log 116765 140622311899136 Not Found: /wp-admin/setup-config.php
WARNING 2025-07-07 20:39:28,672 log 116763 140622311899136 Not Found: /wp-admin/setup-config.php
WARNING 2025-07-07 20:41:02,580 log 116765 140622311899136 Not Found: /wordpress/
WARNING 2025-07-07 20:41:18,914 log 116766 140622311899136 Not Found: /wordpress/wp-admin/setup-config.php
WARNING 2025-07-07 20:42:06,798 log 116765 140622311899136 Not Found: /wordpress/wp-admin/setup-config.php
WARNING 2025-07-07 20:58:06,405 log 119685 140709235863552 Not Found: /wp-admin/setup-config.php
ERROR 2025-07-07 20:58:42,772 log 120196 140226263068672 Internal Server Error: /post/
Traceback (most recent call last):
  File "/var/www/kampuslu/venv/lib/python3.10/site-packages/django/template/base.py", line 510, in parse
    compile_func = self.tags[command]
KeyError: 'static'

During handling of the above exception, another exception occurred:

Traceback (most recent call last):
  File "/var/www/kampuslu/venv/lib/python3.10/site-packages/django/core/handlers/exception.py", line 55, in inner
    response = get_response(request)
  File "/var/www/kampuslu/venv/lib/python3.10/site-packages/django/core/handlers/base.py", line 220, in _get_response
    response = response.render()
  File "/var/www/kampuslu/venv/lib/python3.10/site-packages/django/template/response.py", line 114, in render
    self.content = self.rendered_content
  File "/var/www/kampuslu/venv/lib/python3.10/site-packages/django/template/response.py", line 92, in rendered_content
    return template.render(context, self._request)
  File "/var/www/kampuslu/venv/lib/python3.10/site-packages/django/template/backends/django.py", line 107, in render
    return self.template.render(context)
  File "/var/www/kampuslu/venv/lib/python3.10/site-packages/django/template/base.py", line 171, in render
    return self._render(context)
  File "/var/www/kampuslu/venv/lib/python3.10/site-packages/django/template/base.py", line 163, in _render
    return self.nodelist.render(context)
  File "/var/www/kampuslu/venv/lib/python3.10/site-packages/django/template/base.py", line 1016, in render
    return SafeString("".join([node.render_annotated(context) for node in self]))
  File "/var/www/kampuslu/venv/lib/python3.10/site-packages/django/template/base.py", line 1016, in <listcomp>
    return SafeString("".join([node.render_annotated(context) for node in self]))
  File "/var/www/kampuslu/venv/lib/python3.10/site-packages/django/template/base.py", line 977, in render_annotated
    return self.render(context)
  File "/var/www/kampuslu/venv/lib/python3.10/site-packages/django/template/loader_tags.py", line 159, in render
    return compiled_parent._render(context)
  File "/var/www/kampuslu/venv/lib/python3.10/site-packages/django/template/base.py", line 163, in _render
    return self.nodelist.render(context)
  File "/var/www/kampuslu/venv/lib/python3.10/site-packages/django/template/base.py", line 1016, in render
    return SafeString("".join([node.render_annotated(context) for node in self]))
  File "/var/www/kampuslu/venv/lib/python3.10/site-packages/django/template/base.py", line 1016, in <listcomp>
    return SafeString("".join([node.render_annotated(context) for node in self]))
  File "/var/www/kampuslu/venv/lib/python3.10/site-packages/django/template/base.py", line 977, in render_annotated
    return self.render(context)
  File "/var/www/kampuslu/venv/lib/python3.10/site-packages/django/template/loader_tags.py", line 65, in render
    result = block.nodelist.render(context)
  File "/var/www/kampuslu/venv/lib/python3.10/site-packages/django/template/base.py", line 1016, in render
    return SafeString("".join([node.render_annotated(context) for node in self]))
  File "/var/www/kampuslu/venv/lib/python3.10/site-packages/django/template/base.py", line 1016, in <listcomp>
    return SafeString("".join([node.render_annotated(context) for node in self]))
  File "/var/www/kampuslu/venv/lib/python3.10/site-packages/django/template/base.py", line 977, in render_annotated
    return self.render(context)
  File "/var/www/kampuslu/venv/lib/python3.10/site-packages/django/template/loader_tags.py", line 199, in render
    template = context.template.engine.select_template(template_name)
  File "/var/www/kampuslu/venv/lib/python3.10/site-packages/django/template/engine.py", line 208, in select_template
    return self.get_template(template_name)
  File "/var/www/kampuslu/venv/lib/python3.10/site-packages/django/template/engine.py", line 177, in get_template
    template, origin = self.find_template(template_name)
  File "/var/www/kampuslu/venv/lib/python3.10/site-packages/django/template/engine.py", line 159, in find_template
    template = loader.get_template(name, skip=skip)
  File "/var/www/kampuslu/venv/lib/python3.10/site-packages/django/template/loaders/cached.py", line 57, in get_template
    template = super().get_template(template_name, skip)
  File "/var/www/kampuslu/venv/lib/python3.10/site-packages/django/template/loaders/base.py", line 28, in get_template
    return Template(
  File "/var/www/kampuslu/venv/lib/python3.10/site-packages/django/template/base.py", line 154, in __init__
    self.nodelist = self.compile_nodelist()
  File "/var/www/kampuslu/venv/lib/python3.10/site-packages/django/template/base.py", line 196, in compile_nodelist
    nodelist = parser.parse()
  File "/var/www/kampuslu/venv/lib/python3.10/site-packages/django/template/base.py", line 512, in parse
    self.invalid_block_tag(token, command, parse_until)
  File "/var/www/kampuslu/venv/lib/python3.10/site-packages/django/template/base.py", line 577, in invalid_block_tag
    raise self.error(
django.template.exceptions.TemplateSyntaxError: Invalid block tag on line 32: 'static'. Did you forget to register or load this tag?
WARNING 2025-07-07 20:58:44,229 log 120197 140226263068672 Not Found: /favicon.ico
ERROR 2025-07-07 20:58:55,944 log 120196 140226263068672 Internal Server Error: /post/
Traceback (most recent call last):
  File "/var/www/kampuslu/venv/lib/python3.10/site-packages/django/template/base.py", line 510, in parse
    compile_func = self.tags[command]
KeyError: 'static'

During handling of the above exception, another exception occurred:

Traceback (most recent call last):
  File "/var/www/kampuslu/venv/lib/python3.10/site-packages/django/core/handlers/exception.py", line 55, in inner
    response = get_response(request)
  File "/var/www/kampuslu/venv/lib/python3.10/site-packages/django/core/handlers/base.py", line 220, in _get_response
    response = response.render()
  File "/var/www/kampuslu/venv/lib/python3.10/site-packages/django/template/response.py", line 114, in render
    self.content = self.rendered_content
  File "/var/www/kampuslu/venv/lib/python3.10/site-packages/django/template/response.py", line 92, in rendered_content
    return template.render(context, self._request)
  File "/var/www/kampuslu/venv/lib/python3.10/site-packages/django/template/backends/django.py", line 107, in render
    return self.template.render(context)
  File "/var/www/kampuslu/venv/lib/python3.10/site-packages/django/template/base.py", line 171, in render
    return self._render(context)
  File "/var/www/kampuslu/venv/lib/python3.10/site-packages/django/template/base.py", line 163, in _render
    return self.nodelist.render(context)
  File "/var/www/kampuslu/venv/lib/python3.10/site-packages/django/template/base.py", line 1016, in render
    return SafeString("".join([node.render_annotated(context) for node in self]))
  File "/var/www/kampuslu/venv/lib/python3.10/site-packages/django/template/base.py", line 1016, in <listcomp>
    return SafeString("".join([node.render_annotated(context) for node in self]))
  File "/var/www/kampuslu/venv/lib/python3.10/site-packages/django/template/base.py", line 977, in render_annotated
    return self.render(context)
  File "/var/www/kampuslu/venv/lib/python3.10/site-packages/django/template/loader_tags.py", line 159, in render
    return compiled_parent._render(context)
  File "/var/www/kampuslu/venv/lib/python3.10/site-packages/django/template/base.py", line 163, in _render
    return self.nodelist.render(context)
  File "/var/www/kampuslu/venv/lib/python3.10/site-packages/django/template/base.py", line 1016, in render
    return SafeString("".join([node.render_annotated(context) for node in self]))
  File "/var/www/kampuslu/venv/lib/python3.10/site-packages/django/template/base.py", line 1016, in <listcomp>
    return SafeString("".join([node.render_annotated(context) for node in self]))
  File "/var/www/kampuslu/venv/lib/python3.10/site-packages/django/template/base.py", line 977, in render_annotated
    return self.render(context)
  File "/var/www/kampuslu/venv/lib/python3.10/site-packages/django/template/loader_tags.py", line 65, in render
    result = block.nodelist.render(context)
  File "/var/www/kampuslu/venv/lib/python3.10/site-packages/django/template/base.py", line 1016, in render
    return SafeString("".join([node.render_annotated(context) for node in self]))
  File "/var/www/kampuslu/venv/lib/python3.10/site-packages/django/template/base.py", line 1016, in <listcomp>
    return SafeString("".join([node.render_annotated(context) for node in self]))
  File "/var/www/kampuslu/venv/lib/python3.10/site-packages/django/template/base.py", line 977, in render_annotated
    return self.render(context)
  File "/var/www/kampuslu/venv/lib/python3.10/site-packages/django/template/loader_tags.py", line 199, in render
    template = context.template.engine.select_template(template_name)
  File "/var/www/kampuslu/venv/lib/python3.10/site-packages/django/template/engine.py", line 208, in select_template
    return self.get_template(template_name)
  File "/var/www/kampuslu/venv/lib/python3.10/site-packages/django/template/engine.py", line 177, in get_template
    template, origin = self.find_template(template_name)
  File "/var/www/kampuslu/venv/lib/python3.10/site-packages/django/template/engine.py", line 159, in find_template
    template = loader.get_template(name, skip=skip)
  File "/var/www/kampuslu/venv/lib/python3.10/site-packages/django/template/loaders/cached.py", line 57, in get_template
    template = super().get_template(template_name, skip)
  File "/var/www/kampuslu/venv/lib/python3.10/site-packages/django/template/loaders/base.py", line 28, in get_template
    return Template(
  File "/var/www/kampuslu/venv/lib/python3.10/site-packages/django/template/base.py", line 154, in __init__
    self.nodelist = self.compile_nodelist()
  File "/var/www/kampuslu/venv/lib/python3.10/site-packages/django/template/base.py", line 196, in compile_nodelist
    nodelist = parser.parse()
  File "/var/www/kampuslu/venv/lib/python3.10/site-packages/django/template/base.py", line 512, in parse
    self.invalid_block_tag(token, command, parse_until)
  File "/var/www/kampuslu/venv/lib/python3.10/site-packages/django/template/base.py", line 577, in invalid_block_tag
    raise self.error(
django.template.exceptions.TemplateSyntaxError: Invalid block tag on line 32: 'static'. Did you forget to register or load this tag?
WARNING 2025-07-07 20:58:56,082 log 120197 140226263068672 Not Found: /favicon.ico
ERROR 2025-07-07 20:58:57,949 log 120196 140226263068672 Internal Server Error: /post/
Traceback (most recent call last):
  File "/var/www/kampuslu/venv/lib/python3.10/site-packages/django/template/base.py", line 510, in parse
    compile_func = self.tags[command]
KeyError: 'static'

During handling of the above exception, another exception occurred:

Traceback (most recent call last):
  File "/var/www/kampuslu/venv/lib/python3.10/site-packages/django/core/handlers/exception.py", line 55, in inner
    response = get_response(request)
  File "/var/www/kampuslu/venv/lib/python3.10/site-packages/django/core/handlers/base.py", line 220, in _get_response
    response = response.render()
  File "/var/www/kampuslu/venv/lib/python3.10/site-packages/django/template/response.py", line 114, in render
    self.content = self.rendered_content
  File "/var/www/kampuslu/venv/lib/python3.10/site-packages/django/template/response.py", line 92, in rendered_content
    return template.render(context, self._request)
  File "/var/www/kampuslu/venv/lib/python3.10/site-packages/django/template/backends/django.py", line 107, in render
    return self.template.render(context)
  File "/var/www/kampuslu/venv/lib/python3.10/site-packages/django/template/base.py", line 171, in render
    return self._render(context)
  File "/var/www/kampuslu/venv/lib/python3.10/site-packages/django/template/base.py", line 163, in _render
    return self.nodelist.render(context)
  File "/var/www/kampuslu/venv/lib/python3.10/site-packages/django/template/base.py", line 1016, in render
    return SafeString("".join([node.render_annotated(context) for node in self]))
  File "/var/www/kampuslu/venv/lib/python3.10/site-packages/django/template/base.py", line 1016, in <listcomp>
    return SafeString("".join([node.render_annotated(context) for node in self]))
  File "/var/www/kampuslu/venv/lib/python3.10/site-packages/django/template/base.py", line 977, in render_annotated
    return self.render(context)
  File "/var/www/kampuslu/venv/lib/python3.10/site-packages/django/template/loader_tags.py", line 159, in render
    return compiled_parent._render(context)
  File "/var/www/kampuslu/venv/lib/python3.10/site-packages/django/template/base.py", line 163, in _render
    return self.nodelist.render(context)
  File "/var/www/kampuslu/venv/lib/python3.10/site-packages/django/template/base.py", line 1016, in render
    return SafeString("".join([node.render_annotated(context) for node in self]))
  File "/var/www/kampuslu/venv/lib/python3.10/site-packages/django/template/base.py", line 1016, in <listcomp>
    return SafeString("".join([node.render_annotated(context) for node in self]))
  File "/var/www/kampuslu/venv/lib/python3.10/site-packages/django/template/base.py", line 977, in render_annotated
    return self.render(context)
  File "/var/www/kampuslu/venv/lib/python3.10/site-packages/django/template/loader_tags.py", line 65, in render
    result = block.nodelist.render(context)
  File "/var/www/kampuslu/venv/lib/python3.10/site-packages/django/template/base.py", line 1016, in render
    return SafeString("".join([node.render_annotated(context) for node in self]))
  File "/var/www/kampuslu/venv/lib/python3.10/site-packages/django/template/base.py", line 1016, in <listcomp>
    return SafeString("".join([node.render_annotated(context) for node in self]))
  File "/var/www/kampuslu/venv/lib/python3.10/site-packages/django/template/base.py", line 977, in render_annotated
    return self.render(context)
  File "/var/www/kampuslu/venv/lib/python3.10/site-packages/django/template/loader_tags.py", line 199, in render
    template = context.template.engine.select_template(template_name)
  File "/var/www/kampuslu/venv/lib/python3.10/site-packages/django/template/engine.py", line 208, in select_template
    return self.get_template(template_name)
  File "/var/www/kampuslu/venv/lib/python3.10/site-packages/django/template/engine.py", line 177, in get_template
    template, origin = self.find_template(template_name)
  File "/var/www/kampuslu/venv/lib/python3.10/site-packages/django/template/engine.py", line 159, in find_template
    template = loader.get_template(name, skip=skip)
  File "/var/www/kampuslu/venv/lib/python3.10/site-packages/django/template/loaders/cached.py", line 57, in get_template
    template = super().get_template(template_name, skip)
  File "/var/www/kampuslu/venv/lib/python3.10/site-packages/django/template/loaders/base.py", line 28, in get_template
    return Template(
  File "/var/www/kampuslu/venv/lib/python3.10/site-packages/django/template/base.py", line 154, in __init__
    self.nodelist = self.compile_nodelist()
  File "/var/www/kampuslu/venv/lib/python3.10/site-packages/django/template/base.py", line 196, in compile_nodelist
    nodelist = parser.parse()
  File "/var/www/kampuslu/venv/lib/python3.10/site-packages/django/template/base.py", line 512, in parse
    self.invalid_block_tag(token, command, parse_until)
  File "/var/www/kampuslu/venv/lib/python3.10/site-packages/django/template/base.py", line 577, in invalid_block_tag
    raise self.error(
django.template.exceptions.TemplateSyntaxError: Invalid block tag on line 32: 'static'. Did you forget to register or load this tag?
WARNING 2025-07-07 20:58:58,095 log 120197 140226263068672 Not Found: /favicon.ico
ERROR 2025-07-07 20:59:02,616 log 120197 140226263068672 Internal Server Error: /post/
Traceback (most recent call last):
  File "/var/www/kampuslu/venv/lib/python3.10/site-packages/django/template/base.py", line 510, in parse
    compile_func = self.tags[command]
KeyError: 'static'

During handling of the above exception, another exception occurred:

Traceback (most recent call last):
  File "/var/www/kampuslu/venv/lib/python3.10/site-packages/django/core/handlers/exception.py", line 55, in inner
    response = get_response(request)
  File "/var/www/kampuslu/venv/lib/python3.10/site-packages/django/core/handlers/base.py", line 220, in _get_response
    response = response.render()
  File "/var/www/kampuslu/venv/lib/python3.10/site-packages/django/template/response.py", line 114, in render
    self.content = self.rendered_content
  File "/var/www/kampuslu/venv/lib/python3.10/site-packages/django/template/response.py", line 92, in rendered_content
    return template.render(context, self._request)
  File "/var/www/kampuslu/venv/lib/python3.10/site-packages/django/template/backends/django.py", line 107, in render
    return self.template.render(context)
  File "/var/www/kampuslu/venv/lib/python3.10/site-packages/django/template/base.py", line 171, in render
    return self._render(context)
  File "/var/www/kampuslu/venv/lib/python3.10/site-packages/django/template/base.py", line 163, in _render
    return self.nodelist.render(context)
  File "/var/www/kampuslu/venv/lib/python3.10/site-packages/django/template/base.py", line 1016, in render
    return SafeString("".join([node.render_annotated(context) for node in self]))
  File "/var/www/kampuslu/venv/lib/python3.10/site-packages/django/template/base.py", line 1016, in <listcomp>
    return SafeString("".join([node.render_annotated(context) for node in self]))
  File "/var/www/kampuslu/venv/lib/python3.10/site-packages/django/template/base.py", line 977, in render_annotated
    return self.render(context)
  File "/var/www/kampuslu/venv/lib/python3.10/site-packages/django/template/loader_tags.py", line 159, in render
    return compiled_parent._render(context)
  File "/var/www/kampuslu/venv/lib/python3.10/site-packages/django/template/base.py", line 163, in _render
    return self.nodelist.render(context)
  File "/var/www/kampuslu/venv/lib/python3.10/site-packages/django/template/base.py", line 1016, in render
    return SafeString("".join([node.render_annotated(context) for node in self]))
  File "/var/www/kampuslu/venv/lib/python3.10/site-packages/django/template/base.py", line 1016, in <listcomp>
    return SafeString("".join([node.render_annotated(context) for node in self]))
  File "/var/www/kampuslu/venv/lib/python3.10/site-packages/django/template/base.py", line 977, in render_annotated
    return self.render(context)
  File "/var/www/kampuslu/venv/lib/python3.10/site-packages/django/template/loader_tags.py", line 65, in render
    result = block.nodelist.render(context)
  File "/var/www/kampuslu/venv/lib/python3.10/site-packages/django/template/base.py", line 1016, in render
    return SafeString("".join([node.render_annotated(context) for node in self]))
  File "/var/www/kampuslu/venv/lib/python3.10/site-packages/django/template/base.py", line 1016, in <listcomp>
    return SafeString("".join([node.render_annotated(context) for node in self]))
  File "/var/www/kampuslu/venv/lib/python3.10/site-packages/django/template/base.py", line 977, in render_annotated
    return self.render(context)
  File "/var/www/kampuslu/venv/lib/python3.10/site-packages/django/template/loader_tags.py", line 199, in render
    template = context.template.engine.select_template(template_name)
  File "/var/www/kampuslu/venv/lib/python3.10/site-packages/django/template/engine.py", line 208, in select_template
    return self.get_template(template_name)
  File "/var/www/kampuslu/venv/lib/python3.10/site-packages/django/template/engine.py", line 177, in get_template
    template, origin = self.find_template(template_name)
  File "/var/www/kampuslu/venv/lib/python3.10/site-packages/django/template/engine.py", line 159, in find_template
    template = loader.get_template(name, skip=skip)
  File "/var/www/kampuslu/venv/lib/python3.10/site-packages/django/template/loaders/cached.py", line 57, in get_template
    template = super().get_template(template_name, skip)
  File "/var/www/kampuslu/venv/lib/python3.10/site-packages/django/template/loaders/base.py", line 28, in get_template
    return Template(
  File "/var/www/kampuslu/venv/lib/python3.10/site-packages/django/template/base.py", line 154, in __init__
    self.nodelist = self.compile_nodelist()
  File "/var/www/kampuslu/venv/lib/python3.10/site-packages/django/template/base.py", line 196, in compile_nodelist
    nodelist = parser.parse()
  File "/var/www/kampuslu/venv/lib/python3.10/site-packages/django/template/base.py", line 512, in parse
    self.invalid_block_tag(token, command, parse_until)
  File "/var/www/kampuslu/venv/lib/python3.10/site-packages/django/template/base.py", line 577, in invalid_block_tag
    raise self.error(
django.template.exceptions.TemplateSyntaxError: Invalid block tag on line 32: 'static'. Did you forget to register or load this tag?
WARNING 2025-07-07 20:59:46,414 log 120195 140226263068672 Not Found: /wordpress/wp-admin/setup-config.php
ERROR 2025-07-07 20:59:54,536 log 120196 140226263068672 Internal Server Error: /post/
Traceback (most recent call last):
  File "/var/www/kampuslu/venv/lib/python3.10/site-packages/django/template/base.py", line 510, in parse
    compile_func = self.tags[command]
KeyError: 'static'

During handling of the above exception, another exception occurred:

Traceback (most recent call last):
  File "/var/www/kampuslu/venv/lib/python3.10/site-packages/django/core/handlers/exception.py", line 55, in inner
    response = get_response(request)
  File "/var/www/kampuslu/venv/lib/python3.10/site-packages/django/core/handlers/base.py", line 220, in _get_response
    response = response.render()
  File "/var/www/kampuslu/venv/lib/python3.10/site-packages/django/template/response.py", line 114, in render
    self.content = self.rendered_content
  File "/var/www/kampuslu/venv/lib/python3.10/site-packages/django/template/response.py", line 92, in rendered_content
    return template.render(context, self._request)
  File "/var/www/kampuslu/venv/lib/python3.10/site-packages/django/template/backends/django.py", line 107, in render
    return self.template.render(context)
  File "/var/www/kampuslu/venv/lib/python3.10/site-packages/django/template/base.py", line 171, in render
    return self._render(context)
  File "/var/www/kampuslu/venv/lib/python3.10/site-packages/django/template/base.py", line 163, in _render
    return self.nodelist.render(context)
  File "/var/www/kampuslu/venv/lib/python3.10/site-packages/django/template/base.py", line 1016, in render
    return SafeString("".join([node.render_annotated(context) for node in self]))
  File "/var/www/kampuslu/venv/lib/python3.10/site-packages/django/template/base.py", line 1016, in <listcomp>
    return SafeString("".join([node.render_annotated(context) for node in self]))
  File "/var/www/kampuslu/venv/lib/python3.10/site-packages/django/template/base.py", line 977, in render_annotated
    return self.render(context)
  File "/var/www/kampuslu/venv/lib/python3.10/site-packages/django/template/loader_tags.py", line 159, in render
    return compiled_parent._render(context)
  File "/var/www/kampuslu/venv/lib/python3.10/site-packages/django/template/base.py", line 163, in _render
    return self.nodelist.render(context)
  File "/var/www/kampuslu/venv/lib/python3.10/site-packages/django/template/base.py", line 1016, in render
    return SafeString("".join([node.render_annotated(context) for node in self]))
  File "/var/www/kampuslu/venv/lib/python3.10/site-packages/django/template/base.py", line 1016, in <listcomp>
    return SafeString("".join([node.render_annotated(context) for node in self]))
  File "/var/www/kampuslu/venv/lib/python3.10/site-packages/django/template/base.py", line 977, in render_annotated
    return self.render(context)
  File "/var/www/kampuslu/venv/lib/python3.10/site-packages/django/template/loader_tags.py", line 65, in render
    result = block.nodelist.render(context)
  File "/var/www/kampuslu/venv/lib/python3.10/site-packages/django/template/base.py", line 1016, in render
    return SafeString("".join([node.render_annotated(context) for node in self]))
  File "/var/www/kampuslu/venv/lib/python3.10/site-packages/django/template/base.py", line 1016, in <listcomp>
    return SafeString("".join([node.render_annotated(context) for node in self]))
  File "/var/www/kampuslu/venv/lib/python3.10/site-packages/django/template/base.py", line 977, in render_annotated
    return self.render(context)
  File "/var/www/kampuslu/venv/lib/python3.10/site-packages/django/template/loader_tags.py", line 199, in render
    template = context.template.engine.select_template(template_name)
  File "/var/www/kampuslu/venv/lib/python3.10/site-packages/django/template/engine.py", line 208, in select_template
    return self.get_template(template_name)
  File "/var/www/kampuslu/venv/lib/python3.10/site-packages/django/template/engine.py", line 177, in get_template
    template, origin = self.find_template(template_name)
  File "/var/www/kampuslu/venv/lib/python3.10/site-packages/django/template/engine.py", line 159, in find_template
    template = loader.get_template(name, skip=skip)
  File "/var/www/kampuslu/venv/lib/python3.10/site-packages/django/template/loaders/cached.py", line 57, in get_template
    template = super().get_template(template_name, skip)
  File "/var/www/kampuslu/venv/lib/python3.10/site-packages/django/template/loaders/base.py", line 28, in get_template
    return Template(
  File "/var/www/kampuslu/venv/lib/python3.10/site-packages/django/template/base.py", line 154, in __init__
    self.nodelist = self.compile_nodelist()
  File "/var/www/kampuslu/venv/lib/python3.10/site-packages/django/template/base.py", line 196, in compile_nodelist
    nodelist = parser.parse()
  File "/var/www/kampuslu/venv/lib/python3.10/site-packages/django/template/base.py", line 512, in parse
    self.invalid_block_tag(token, command, parse_until)
  File "/var/www/kampuslu/venv/lib/python3.10/site-packages/django/template/base.py", line 577, in invalid_block_tag
    raise self.error(
django.template.exceptions.TemplateSyntaxError: Invalid block tag on line 32: 'static'. Did you forget to register or load this tag?
WARNING 2025-07-07 20:59:54,808 log 120197 140226263068672 Not Found: /favicon.ico
ERROR 2025-07-07 20:59:56,412 log 120196 140226263068672 Internal Server Error: /post/
Traceback (most recent call last):
  File "/var/www/kampuslu/venv/lib/python3.10/site-packages/django/template/base.py", line 510, in parse
    compile_func = self.tags[command]
KeyError: 'static'

During handling of the above exception, another exception occurred:

Traceback (most recent call last):
  File "/var/www/kampuslu/venv/lib/python3.10/site-packages/django/core/handlers/exception.py", line 55, in inner
    response = get_response(request)
  File "/var/www/kampuslu/venv/lib/python3.10/site-packages/django/core/handlers/base.py", line 220, in _get_response
    response = response.render()
  File "/var/www/kampuslu/venv/lib/python3.10/site-packages/django/template/response.py", line 114, in render
    self.content = self.rendered_content
  File "/var/www/kampuslu/venv/lib/python3.10/site-packages/django/template/response.py", line 92, in rendered_content
    return template.render(context, self._request)
  File "/var/www/kampuslu/venv/lib/python3.10/site-packages/django/template/backends/django.py", line 107, in render
    return self.template.render(context)
  File "/var/www/kampuslu/venv/lib/python3.10/site-packages/django/template/base.py", line 171, in render
    return self._render(context)
  File "/var/www/kampuslu/venv/lib/python3.10/site-packages/django/template/base.py", line 163, in _render
    return self.nodelist.render(context)
  File "/var/www/kampuslu/venv/lib/python3.10/site-packages/django/template/base.py", line 1016, in render
    return SafeString("".join([node.render_annotated(context) for node in self]))
  File "/var/www/kampuslu/venv/lib/python3.10/site-packages/django/template/base.py", line 1016, in <listcomp>
    return SafeString("".join([node.render_annotated(context) for node in self]))
  File "/var/www/kampuslu/venv/lib/python3.10/site-packages/django/template/base.py", line 977, in render_annotated
    return self.render(context)
  File "/var/www/kampuslu/venv/lib/python3.10/site-packages/django/template/loader_tags.py", line 159, in render
    return compiled_parent._render(context)
  File "/var/www/kampuslu/venv/lib/python3.10/site-packages/django/template/base.py", line 163, in _render
    return self.nodelist.render(context)
  File "/var/www/kampuslu/venv/lib/python3.10/site-packages/django/template/base.py", line 1016, in render
    return SafeString("".join([node.render_annotated(context) for node in self]))
  File "/var/www/kampuslu/venv/lib/python3.10/site-packages/django/template/base.py", line 1016, in <listcomp>
    return SafeString("".join([node.render_annotated(context) for node in self]))
  File "/var/www/kampuslu/venv/lib/python3.10/site-packages/django/template/base.py", line 977, in render_annotated
    return self.render(context)
  File "/var/www/kampuslu/venv/lib/python3.10/site-packages/django/template/loader_tags.py", line 65, in render
    result = block.nodelist.render(context)
  File "/var/www/kampuslu/venv/lib/python3.10/site-packages/django/template/base.py", line 1016, in render
    return SafeString("".join([node.render_annotated(context) for node in self]))
  File "/var/www/kampuslu/venv/lib/python3.10/site-packages/django/template/base.py", line 1016, in <listcomp>
    return SafeString("".join([node.render_annotated(context) for node in self]))
  File "/var/www/kampuslu/venv/lib/python3.10/site-packages/django/template/base.py", line 977, in render_annotated
    return self.render(context)
  File "/var/www/kampuslu/venv/lib/python3.10/site-packages/django/template/loader_tags.py", line 199, in render
    template = context.template.engine.select_template(template_name)
  File "/var/www/kampuslu/venv/lib/python3.10/site-packages/django/template/engine.py", line 208, in select_template
    return self.get_template(template_name)
  File "/var/www/kampuslu/venv/lib/python3.10/site-packages/django/template/engine.py", line 177, in get_template
    template, origin = self.find_template(template_name)
  File "/var/www/kampuslu/venv/lib/python3.10/site-packages/django/template/engine.py", line 159, in find_template
    template = loader.get_template(name, skip=skip)
  File "/var/www/kampuslu/venv/lib/python3.10/site-packages/django/template/loaders/cached.py", line 57, in get_template
    template = super().get_template(template_name, skip)
  File "/var/www/kampuslu/venv/lib/python3.10/site-packages/django/template/loaders/base.py", line 28, in get_template
    return Template(
  File "/var/www/kampuslu/venv/lib/python3.10/site-packages/django/template/base.py", line 154, in __init__
    self.nodelist = self.compile_nodelist()
  File "/var/www/kampuslu/venv/lib/python3.10/site-packages/django/template/base.py", line 196, in compile_nodelist
    nodelist = parser.parse()
  File "/var/www/kampuslu/venv/lib/python3.10/site-packages/django/template/base.py", line 512, in parse
    self.invalid_block_tag(token, command, parse_until)
  File "/var/www/kampuslu/venv/lib/python3.10/site-packages/django/template/base.py", line 577, in invalid_block_tag
    raise self.error(
django.template.exceptions.TemplateSyntaxError: Invalid block tag on line 32: 'static'. Did you forget to register or load this tag?
WARNING 2025-07-07 20:59:56,561 log 120197 140226263068672 Not Found: /favicon.ico
ERROR 2025-07-07 21:00:00,336 log 120197 140226263068672 Internal Server Error: /post/
Traceback (most recent call last):
  File "/var/www/kampuslu/venv/lib/python3.10/site-packages/django/template/base.py", line 510, in parse
    compile_func = self.tags[command]
KeyError: 'static'

During handling of the above exception, another exception occurred:

Traceback (most recent call last):
  File "/var/www/kampuslu/venv/lib/python3.10/site-packages/django/core/handlers/exception.py", line 55, in inner
    response = get_response(request)
  File "/var/www/kampuslu/venv/lib/python3.10/site-packages/django/core/handlers/base.py", line 220, in _get_response
    response = response.render()
  File "/var/www/kampuslu/venv/lib/python3.10/site-packages/django/template/response.py", line 114, in render
    self.content = self.rendered_content
  File "/var/www/kampuslu/venv/lib/python3.10/site-packages/django/template/response.py", line 92, in rendered_content
    return template.render(context, self._request)
  File "/var/www/kampuslu/venv/lib/python3.10/site-packages/django/template/backends/django.py", line 107, in render
    return self.template.render(context)
  File "/var/www/kampuslu/venv/lib/python3.10/site-packages/django/template/base.py", line 171, in render
    return self._render(context)
  File "/var/www/kampuslu/venv/lib/python3.10/site-packages/django/template/base.py", line 163, in _render
    return self.nodelist.render(context)
  File "/var/www/kampuslu/venv/lib/python3.10/site-packages/django/template/base.py", line 1016, in render
    return SafeString("".join([node.render_annotated(context) for node in self]))
  File "/var/www/kampuslu/venv/lib/python3.10/site-packages/django/template/base.py", line 1016, in <listcomp>
    return SafeString("".join([node.render_annotated(context) for node in self]))
  File "/var/www/kampuslu/venv/lib/python3.10/site-packages/django/template/base.py", line 977, in render_annotated
    return self.render(context)
  File "/var/www/kampuslu/venv/lib/python3.10/site-packages/django/template/loader_tags.py", line 159, in render
    return compiled_parent._render(context)
  File "/var/www/kampuslu/venv/lib/python3.10/site-packages/django/template/base.py", line 163, in _render
    return self.nodelist.render(context)
  File "/var/www/kampuslu/venv/lib/python3.10/site-packages/django/template/base.py", line 1016, in render
    return SafeString("".join([node.render_annotated(context) for node in self]))
  File "/var/www/kampuslu/venv/lib/python3.10/site-packages/django/template/base.py", line 1016, in <listcomp>
    return SafeString("".join([node.render_annotated(context) for node in self]))
  File "/var/www/kampuslu/venv/lib/python3.10/site-packages/django/template/base.py", line 977, in render_annotated
    return self.render(context)
  File "/var/www/kampuslu/venv/lib/python3.10/site-packages/django/template/loader_tags.py", line 65, in render
    result = block.nodelist.render(context)
  File "/var/www/kampuslu/venv/lib/python3.10/site-packages/django/template/base.py", line 1016, in render
    return SafeString("".join([node.render_annotated(context) for node in self]))
  File "/var/www/kampuslu/venv/lib/python3.10/site-packages/django/template/base.py", line 1016, in <listcomp>
    return SafeString("".join([node.render_annotated(context) for node in self]))
  File "/var/www/kampuslu/venv/lib/python3.10/site-packages/django/template/base.py", line 977, in render_annotated
    return self.render(context)
  File "/var/www/kampuslu/venv/lib/python3.10/site-packages/django/template/loader_tags.py", line 199, in render
    template = context.template.engine.select_template(template_name)
  File "/var/www/kampuslu/venv/lib/python3.10/site-packages/django/template/engine.py", line 208, in select_template
    return self.get_template(template_name)
  File "/var/www/kampuslu/venv/lib/python3.10/site-packages/django/template/engine.py", line 177, in get_template
    template, origin = self.find_template(template_name)
  File "/var/www/kampuslu/venv/lib/python3.10/site-packages/django/template/engine.py", line 159, in find_template
    template = loader.get_template(name, skip=skip)
  File "/var/www/kampuslu/venv/lib/python3.10/site-packages/django/template/loaders/cached.py", line 57, in get_template
    template = super().get_template(template_name, skip)
  File "/var/www/kampuslu/venv/lib/python3.10/site-packages/django/template/loaders/base.py", line 28, in get_template
    return Template(
  File "/var/www/kampuslu/venv/lib/python3.10/site-packages/django/template/base.py", line 154, in __init__
    self.nodelist = self.compile_nodelist()
  File "/var/www/kampuslu/venv/lib/python3.10/site-packages/django/template/base.py", line 196, in compile_nodelist
    nodelist = parser.parse()
  File "/var/www/kampuslu/venv/lib/python3.10/site-packages/django/template/base.py", line 512, in parse
    self.invalid_block_tag(token, command, parse_until)
  File "/var/www/kampuslu/venv/lib/python3.10/site-packages/django/template/base.py", line 577, in invalid_block_tag
    raise self.error(
django.template.exceptions.TemplateSyntaxError: Invalid block tag on line 32: 'static'. Did you forget to register or load this tag?
ERROR 2025-07-07 21:00:00,504 log 120197 140226263068672 Internal Server Error: /post/
Traceback (most recent call last):
  File "/var/www/kampuslu/venv/lib/python3.10/site-packages/django/template/base.py", line 510, in parse
    compile_func = self.tags[command]
KeyError: 'static'

During handling of the above exception, another exception occurred:

Traceback (most recent call last):
  File "/var/www/kampuslu/venv/lib/python3.10/site-packages/django/core/handlers/exception.py", line 55, in inner
    response = get_response(request)
  File "/var/www/kampuslu/venv/lib/python3.10/site-packages/django/core/handlers/base.py", line 220, in _get_response
    response = response.render()
  File "/var/www/kampuslu/venv/lib/python3.10/site-packages/django/template/response.py", line 114, in render
    self.content = self.rendered_content
  File "/var/www/kampuslu/venv/lib/python3.10/site-packages/django/template/response.py", line 92, in rendered_content
    return template.render(context, self._request)
  File "/var/www/kampuslu/venv/lib/python3.10/site-packages/django/template/backends/django.py", line 107, in render
    return self.template.render(context)
  File "/var/www/kampuslu/venv/lib/python3.10/site-packages/django/template/base.py", line 171, in render
    return self._render(context)
  File "/var/www/kampuslu/venv/lib/python3.10/site-packages/django/template/base.py", line 163, in _render
    return self.nodelist.render(context)
  File "/var/www/kampuslu/venv/lib/python3.10/site-packages/django/template/base.py", line 1016, in render
    return SafeString("".join([node.render_annotated(context) for node in self]))
  File "/var/www/kampuslu/venv/lib/python3.10/site-packages/django/template/base.py", line 1016, in <listcomp>
    return SafeString("".join([node.render_annotated(context) for node in self]))
  File "/var/www/kampuslu/venv/lib/python3.10/site-packages/django/template/base.py", line 977, in render_annotated
    return self.render(context)
  File "/var/www/kampuslu/venv/lib/python3.10/site-packages/django/template/loader_tags.py", line 159, in render
    return compiled_parent._render(context)
  File "/var/www/kampuslu/venv/lib/python3.10/site-packages/django/template/base.py", line 163, in _render
    return self.nodelist.render(context)
  File "/var/www/kampuslu/venv/lib/python3.10/site-packages/django/template/base.py", line 1016, in render
    return SafeString("".join([node.render_annotated(context) for node in self]))
  File "/var/www/kampuslu/venv/lib/python3.10/site-packages/django/template/base.py", line 1016, in <listcomp>
    return SafeString("".join([node.render_annotated(context) for node in self]))
  File "/var/www/kampuslu/venv/lib/python3.10/site-packages/django/template/base.py", line 977, in render_annotated
    return self.render(context)
  File "/var/www/kampuslu/venv/lib/python3.10/site-packages/django/template/loader_tags.py", line 65, in render
    result = block.nodelist.render(context)
  File "/var/www/kampuslu/venv/lib/python3.10/site-packages/django/template/base.py", line 1016, in render
    return SafeString("".join([node.render_annotated(context) for node in self]))
  File "/var/www/kampuslu/venv/lib/python3.10/site-packages/django/template/base.py", line 1016, in <listcomp>
    return SafeString("".join([node.render_annotated(context) for node in self]))
  File "/var/www/kampuslu/venv/lib/python3.10/site-packages/django/template/base.py", line 977, in render_annotated
    return self.render(context)
  File "/var/www/kampuslu/venv/lib/python3.10/site-packages/django/template/loader_tags.py", line 199, in render
    template = context.template.engine.select_template(template_name)
  File "/var/www/kampuslu/venv/lib/python3.10/site-packages/django/template/engine.py", line 208, in select_template
    return self.get_template(template_name)
  File "/var/www/kampuslu/venv/lib/python3.10/site-packages/django/template/engine.py", line 177, in get_template
    template, origin = self.find_template(template_name)
  File "/var/www/kampuslu/venv/lib/python3.10/site-packages/django/template/engine.py", line 159, in find_template
    template = loader.get_template(name, skip=skip)
  File "/var/www/kampuslu/venv/lib/python3.10/site-packages/django/template/loaders/cached.py", line 57, in get_template
    template = super().get_template(template_name, skip)
  File "/var/www/kampuslu/venv/lib/python3.10/site-packages/django/template/loaders/base.py", line 28, in get_template
    return Template(
  File "/var/www/kampuslu/venv/lib/python3.10/site-packages/django/template/base.py", line 154, in __init__
    self.nodelist = self.compile_nodelist()
  File "/var/www/kampuslu/venv/lib/python3.10/site-packages/django/template/base.py", line 196, in compile_nodelist
    nodelist = parser.parse()
  File "/var/www/kampuslu/venv/lib/python3.10/site-packages/django/template/base.py", line 512, in parse
    self.invalid_block_tag(token, command, parse_until)
  File "/var/www/kampuslu/venv/lib/python3.10/site-packages/django/template/base.py", line 577, in invalid_block_tag
    raise self.error(
django.template.exceptions.TemplateSyntaxError: Invalid block tag on line 32: 'static'. Did you forget to register or load this tag?
ERROR 2025-07-07 21:00:13,715 log 120195 140226263068672 Internal Server Error: /post/
Traceback (most recent call last):
  File "/var/www/kampuslu/venv/lib/python3.10/site-packages/django/template/base.py", line 510, in parse
    compile_func = self.tags[command]
KeyError: 'static'

During handling of the above exception, another exception occurred:

Traceback (most recent call last):
  File "/var/www/kampuslu/venv/lib/python3.10/site-packages/django/core/handlers/exception.py", line 55, in inner
    response = get_response(request)
  File "/var/www/kampuslu/venv/lib/python3.10/site-packages/django/core/handlers/base.py", line 220, in _get_response
    response = response.render()
  File "/var/www/kampuslu/venv/lib/python3.10/site-packages/django/template/response.py", line 114, in render
    self.content = self.rendered_content
  File "/var/www/kampuslu/venv/lib/python3.10/site-packages/django/template/response.py", line 92, in rendered_content
    return template.render(context, self._request)
  File "/var/www/kampuslu/venv/lib/python3.10/site-packages/django/template/backends/django.py", line 107, in render
    return self.template.render(context)
  File "/var/www/kampuslu/venv/lib/python3.10/site-packages/django/template/base.py", line 171, in render
    return self._render(context)
  File "/var/www/kampuslu/venv/lib/python3.10/site-packages/django/template/base.py", line 163, in _render
    return self.nodelist.render(context)
  File "/var/www/kampuslu/venv/lib/python3.10/site-packages/django/template/base.py", line 1016, in render
    return SafeString("".join([node.render_annotated(context) for node in self]))
  File "/var/www/kampuslu/venv/lib/python3.10/site-packages/django/template/base.py", line 1016, in <listcomp>
    return SafeString("".join([node.render_annotated(context) for node in self]))
  File "/var/www/kampuslu/venv/lib/python3.10/site-packages/django/template/base.py", line 977, in render_annotated
    return self.render(context)
  File "/var/www/kampuslu/venv/lib/python3.10/site-packages/django/template/loader_tags.py", line 159, in render
    return compiled_parent._render(context)
  File "/var/www/kampuslu/venv/lib/python3.10/site-packages/django/template/base.py", line 163, in _render
    return self.nodelist.render(context)
  File "/var/www/kampuslu/venv/lib/python3.10/site-packages/django/template/base.py", line 1016, in render
    return SafeString("".join([node.render_annotated(context) for node in self]))
  File "/var/www/kampuslu/venv/lib/python3.10/site-packages/django/template/base.py", line 1016, in <listcomp>
    return SafeString("".join([node.render_annotated(context) for node in self]))
  File "/var/www/kampuslu/venv/lib/python3.10/site-packages/django/template/base.py", line 977, in render_annotated
    return self.render(context)
  File "/var/www/kampuslu/venv/lib/python3.10/site-packages/django/template/loader_tags.py", line 65, in render
    result = block.nodelist.render(context)
  File "/var/www/kampuslu/venv/lib/python3.10/site-packages/django/template/base.py", line 1016, in render
    return SafeString("".join([node.render_annotated(context) for node in self]))
  File "/var/www/kampuslu/venv/lib/python3.10/site-packages/django/template/base.py", line 1016, in <listcomp>
    return SafeString("".join([node.render_annotated(context) for node in self]))
  File "/var/www/kampuslu/venv/lib/python3.10/site-packages/django/template/base.py", line 977, in render_annotated
    return self.render(context)
  File "/var/www/kampuslu/venv/lib/python3.10/site-packages/django/template/loader_tags.py", line 199, in render
    template = context.template.engine.select_template(template_name)
  File "/var/www/kampuslu/venv/lib/python3.10/site-packages/django/template/engine.py", line 208, in select_template
    return self.get_template(template_name)
  File "/var/www/kampuslu/venv/lib/python3.10/site-packages/django/template/engine.py", line 177, in get_template
    template, origin = self.find_template(template_name)
  File "/var/www/kampuslu/venv/lib/python3.10/site-packages/django/template/engine.py", line 159, in find_template
    template = loader.get_template(name, skip=skip)
  File "/var/www/kampuslu/venv/lib/python3.10/site-packages/django/template/loaders/cached.py", line 57, in get_template
    template = super().get_template(template_name, skip)
  File "/var/www/kampuslu/venv/lib/python3.10/site-packages/django/template/loaders/base.py", line 28, in get_template
    return Template(
  File "/var/www/kampuslu/venv/lib/python3.10/site-packages/django/template/base.py", line 154, in __init__
    self.nodelist = self.compile_nodelist()
  File "/var/www/kampuslu/venv/lib/python3.10/site-packages/django/template/base.py", line 196, in compile_nodelist
    nodelist = parser.parse()
  File "/var/www/kampuslu/venv/lib/python3.10/site-packages/django/template/base.py", line 512, in parse
    self.invalid_block_tag(token, command, parse_until)
  File "/var/www/kampuslu/venv/lib/python3.10/site-packages/django/template/base.py", line 577, in invalid_block_tag
    raise self.error(
django.template.exceptions.TemplateSyntaxError: Invalid block tag on line 32: 'static'. Did you forget to register or load this tag?
ERROR 2025-07-07 21:00:21,587 log 120196 140226263068672 Internal Server Error: /post/
Traceback (most recent call last):
  File "/var/www/kampuslu/venv/lib/python3.10/site-packages/django/template/base.py", line 510, in parse
    compile_func = self.tags[command]
KeyError: 'static'

During handling of the above exception, another exception occurred:

Traceback (most recent call last):
  File "/var/www/kampuslu/venv/lib/python3.10/site-packages/django/core/handlers/exception.py", line 55, in inner
    response = get_response(request)
  File "/var/www/kampuslu/venv/lib/python3.10/site-packages/django/core/handlers/base.py", line 220, in _get_response
    response = response.render()
  File "/var/www/kampuslu/venv/lib/python3.10/site-packages/django/template/response.py", line 114, in render
    self.content = self.rendered_content
  File "/var/www/kampuslu/venv/lib/python3.10/site-packages/django/template/response.py", line 92, in rendered_content
    return template.render(context, self._request)
  File "/var/www/kampuslu/venv/lib/python3.10/site-packages/django/template/backends/django.py", line 107, in render
    return self.template.render(context)
  File "/var/www/kampuslu/venv/lib/python3.10/site-packages/django/template/base.py", line 171, in render
    return self._render(context)
  File "/var/www/kampuslu/venv/lib/python3.10/site-packages/django/template/base.py", line 163, in _render
    return self.nodelist.render(context)
  File "/var/www/kampuslu/venv/lib/python3.10/site-packages/django/template/base.py", line 1016, in render
    return SafeString("".join([node.render_annotated(context) for node in self]))
  File "/var/www/kampuslu/venv/lib/python3.10/site-packages/django/template/base.py", line 1016, in <listcomp>
    return SafeString("".join([node.render_annotated(context) for node in self]))
  File "/var/www/kampuslu/venv/lib/python3.10/site-packages/django/template/base.py", line 977, in render_annotated
    return self.render(context)
  File "/var/www/kampuslu/venv/lib/python3.10/site-packages/django/template/loader_tags.py", line 159, in render
    return compiled_parent._render(context)
  File "/var/www/kampuslu/venv/lib/python3.10/site-packages/django/template/base.py", line 163, in _render
    return self.nodelist.render(context)
  File "/var/www/kampuslu/venv/lib/python3.10/site-packages/django/template/base.py", line 1016, in render
    return SafeString("".join([node.render_annotated(context) for node in self]))
  File "/var/www/kampuslu/venv/lib/python3.10/site-packages/django/template/base.py", line 1016, in <listcomp>
    return SafeString("".join([node.render_annotated(context) for node in self]))
  File "/var/www/kampuslu/venv/lib/python3.10/site-packages/django/template/base.py", line 977, in render_annotated
    return self.render(context)
  File "/var/www/kampuslu/venv/lib/python3.10/site-packages/django/template/loader_tags.py", line 65, in render
    result = block.nodelist.render(context)
  File "/var/www/kampuslu/venv/lib/python3.10/site-packages/django/template/base.py", line 1016, in render
    return SafeString("".join([node.render_annotated(context) for node in self]))
  File "/var/www/kampuslu/venv/lib/python3.10/site-packages/django/template/base.py", line 1016, in <listcomp>
    return SafeString("".join([node.render_annotated(context) for node in self]))
  File "/var/www/kampuslu/venv/lib/python3.10/site-packages/django/template/base.py", line 977, in render_annotated
    return self.render(context)
  File "/var/www/kampuslu/venv/lib/python3.10/site-packages/django/template/loader_tags.py", line 199, in render
    template = context.template.engine.select_template(template_name)
  File "/var/www/kampuslu/venv/lib/python3.10/site-packages/django/template/engine.py", line 208, in select_template
    return self.get_template(template_name)
  File "/var/www/kampuslu/venv/lib/python3.10/site-packages/django/template/engine.py", line 177, in get_template
    template, origin = self.find_template(template_name)
  File "/var/www/kampuslu/venv/lib/python3.10/site-packages/django/template/engine.py", line 159, in find_template
    template = loader.get_template(name, skip=skip)
  File "/var/www/kampuslu/venv/lib/python3.10/site-packages/django/template/loaders/cached.py", line 57, in get_template
    template = super().get_template(template_name, skip)
  File "/var/www/kampuslu/venv/lib/python3.10/site-packages/django/template/loaders/base.py", line 28, in get_template
    return Template(
  File "/var/www/kampuslu/venv/lib/python3.10/site-packages/django/template/base.py", line 154, in __init__
    self.nodelist = self.compile_nodelist()
  File "/var/www/kampuslu/venv/lib/python3.10/site-packages/django/template/base.py", line 196, in compile_nodelist
    nodelist = parser.parse()
  File "/var/www/kampuslu/venv/lib/python3.10/site-packages/django/template/base.py", line 512, in parse
    self.invalid_block_tag(token, command, parse_until)
  File "/var/www/kampuslu/venv/lib/python3.10/site-packages/django/template/base.py", line 577, in invalid_block_tag
    raise self.error(
django.template.exceptions.TemplateSyntaxError: Invalid block tag on line 32: 'static'. Did you forget to register or load this tag?
ERROR 2025-07-07 21:00:24,677 log 120197 140226263068672 Internal Server Error: /post/
Traceback (most recent call last):
  File "/var/www/kampuslu/venv/lib/python3.10/site-packages/django/template/base.py", line 510, in parse
    compile_func = self.tags[command]
KeyError: 'static'

During handling of the above exception, another exception occurred:

Traceback (most recent call last):
  File "/var/www/kampuslu/venv/lib/python3.10/site-packages/django/core/handlers/exception.py", line 55, in inner
    response = get_response(request)
  File "/var/www/kampuslu/venv/lib/python3.10/site-packages/django/core/handlers/base.py", line 220, in _get_response
    response = response.render()
  File "/var/www/kampuslu/venv/lib/python3.10/site-packages/django/template/response.py", line 114, in render
    self.content = self.rendered_content
  File "/var/www/kampuslu/venv/lib/python3.10/site-packages/django/template/response.py", line 92, in rendered_content
    return template.render(context, self._request)
  File "/var/www/kampuslu/venv/lib/python3.10/site-packages/django/template/backends/django.py", line 107, in render
    return self.template.render(context)
  File "/var/www/kampuslu/venv/lib/python3.10/site-packages/django/template/base.py", line 171, in render
    return self._render(context)
  File "/var/www/kampuslu/venv/lib/python3.10/site-packages/django/template/base.py", line 163, in _render
    return self.nodelist.render(context)
  File "/var/www/kampuslu/venv/lib/python3.10/site-packages/django/template/base.py", line 1016, in render
    return SafeString("".join([node.render_annotated(context) for node in self]))
  File "/var/www/kampuslu/venv/lib/python3.10/site-packages/django/template/base.py", line 1016, in <listcomp>
    return SafeString("".join([node.render_annotated(context) for node in self]))
  File "/var/www/kampuslu/venv/lib/python3.10/site-packages/django/template/base.py", line 977, in render_annotated
    return self.render(context)
  File "/var/www/kampuslu/venv/lib/python3.10/site-packages/django/template/loader_tags.py", line 159, in render
    return compiled_parent._render(context)
  File "/var/www/kampuslu/venv/lib/python3.10/site-packages/django/template/base.py", line 163, in _render
    return self.nodelist.render(context)
  File "/var/www/kampuslu/venv/lib/python3.10/site-packages/django/template/base.py", line 1016, in render
    return SafeString("".join([node.render_annotated(context) for node in self]))
  File "/var/www/kampuslu/venv/lib/python3.10/site-packages/django/template/base.py", line 1016, in <listcomp>
    return SafeString("".join([node.render_annotated(context) for node in self]))
  File "/var/www/kampuslu/venv/lib/python3.10/site-packages/django/template/base.py", line 977, in render_annotated
    return self.render(context)
  File "/var/www/kampuslu/venv/lib/python3.10/site-packages/django/template/loader_tags.py", line 65, in render
    result = block.nodelist.render(context)
  File "/var/www/kampuslu/venv/lib/python3.10/site-packages/django/template/base.py", line 1016, in render
    return SafeString("".join([node.render_annotated(context) for node in self]))
  File "/var/www/kampuslu/venv/lib/python3.10/site-packages/django/template/base.py", line 1016, in <listcomp>
    return SafeString("".join([node.render_annotated(context) for node in self]))
  File "/var/www/kampuslu/venv/lib/python3.10/site-packages/django/template/base.py", line 977, in render_annotated
    return self.render(context)
  File "/var/www/kampuslu/venv/lib/python3.10/site-packages/django/template/loader_tags.py", line 199, in render
    template = context.template.engine.select_template(template_name)
  File "/var/www/kampuslu/venv/lib/python3.10/site-packages/django/template/engine.py", line 208, in select_template
    return self.get_template(template_name)
  File "/var/www/kampuslu/venv/lib/python3.10/site-packages/django/template/engine.py", line 177, in get_template
    template, origin = self.find_template(template_name)
  File "/var/www/kampuslu/venv/lib/python3.10/site-packages/django/template/engine.py", line 159, in find_template
    template = loader.get_template(name, skip=skip)
  File "/var/www/kampuslu/venv/lib/python3.10/site-packages/django/template/loaders/cached.py", line 57, in get_template
    template = super().get_template(template_name, skip)
  File "/var/www/kampuslu/venv/lib/python3.10/site-packages/django/template/loaders/base.py", line 28, in get_template
    return Template(
  File "/var/www/kampuslu/venv/lib/python3.10/site-packages/django/template/base.py", line 154, in __init__
    self.nodelist = self.compile_nodelist()
  File "/var/www/kampuslu/venv/lib/python3.10/site-packages/django/template/base.py", line 196, in compile_nodelist
    nodelist = parser.parse()
  File "/var/www/kampuslu/venv/lib/python3.10/site-packages/django/template/base.py", line 512, in parse
    self.invalid_block_tag(token, command, parse_until)
  File "/var/www/kampuslu/venv/lib/python3.10/site-packages/django/template/base.py", line 577, in invalid_block_tag
    raise self.error(
django.template.exceptions.TemplateSyntaxError: Invalid block tag on line 32: 'static'. Did you forget to register or load this tag?
ERROR 2025-07-07 21:01:15,616 log 120195 140226263068672 Internal Server Error: /post/
Traceback (most recent call last):
  File "/var/www/kampuslu/venv/lib/python3.10/site-packages/django/template/base.py", line 510, in parse
    compile_func = self.tags[command]
KeyError: 'static'

During handling of the above exception, another exception occurred:

Traceback (most recent call last):
  File "/var/www/kampuslu/venv/lib/python3.10/site-packages/django/core/handlers/exception.py", line 55, in inner
    response = get_response(request)
  File "/var/www/kampuslu/venv/lib/python3.10/site-packages/django/core/handlers/base.py", line 220, in _get_response
    response = response.render()
  File "/var/www/kampuslu/venv/lib/python3.10/site-packages/django/template/response.py", line 114, in render
    self.content = self.rendered_content
  File "/var/www/kampuslu/venv/lib/python3.10/site-packages/django/template/response.py", line 92, in rendered_content
    return template.render(context, self._request)
  File "/var/www/kampuslu/venv/lib/python3.10/site-packages/django/template/backends/django.py", line 107, in render
    return self.template.render(context)
  File "/var/www/kampuslu/venv/lib/python3.10/site-packages/django/template/base.py", line 171, in render
    return self._render(context)
  File "/var/www/kampuslu/venv/lib/python3.10/site-packages/django/template/base.py", line 163, in _render
    return self.nodelist.render(context)
  File "/var/www/kampuslu/venv/lib/python3.10/site-packages/django/template/base.py", line 1016, in render
    return SafeString("".join([node.render_annotated(context) for node in self]))
  File "/var/www/kampuslu/venv/lib/python3.10/site-packages/django/template/base.py", line 1016, in <listcomp>
    return SafeString("".join([node.render_annotated(context) for node in self]))
  File "/var/www/kampuslu/venv/lib/python3.10/site-packages/django/template/base.py", line 977, in render_annotated
    return self.render(context)
  File "/var/www/kampuslu/venv/lib/python3.10/site-packages/django/template/loader_tags.py", line 159, in render
    return compiled_parent._render(context)
  File "/var/www/kampuslu/venv/lib/python3.10/site-packages/django/template/base.py", line 163, in _render
    return self.nodelist.render(context)
  File "/var/www/kampuslu/venv/lib/python3.10/site-packages/django/template/base.py", line 1016, in render
    return SafeString("".join([node.render_annotated(context) for node in self]))
  File "/var/www/kampuslu/venv/lib/python3.10/site-packages/django/template/base.py", line 1016, in <listcomp>
    return SafeString("".join([node.render_annotated(context) for node in self]))
  File "/var/www/kampuslu/venv/lib/python3.10/site-packages/django/template/base.py", line 977, in render_annotated
    return self.render(context)
  File "/var/www/kampuslu/venv/lib/python3.10/site-packages/django/template/loader_tags.py", line 65, in render
    result = block.nodelist.render(context)
  File "/var/www/kampuslu/venv/lib/python3.10/site-packages/django/template/base.py", line 1016, in render
    return SafeString("".join([node.render_annotated(context) for node in self]))
  File "/var/www/kampuslu/venv/lib/python3.10/site-packages/django/template/base.py", line 1016, in <listcomp>
    return SafeString("".join([node.render_annotated(context) for node in self]))
  File "/var/www/kampuslu/venv/lib/python3.10/site-packages/django/template/base.py", line 977, in render_annotated
    return self.render(context)
  File "/var/www/kampuslu/venv/lib/python3.10/site-packages/django/template/loader_tags.py", line 199, in render
    template = context.template.engine.select_template(template_name)
  File "/var/www/kampuslu/venv/lib/python3.10/site-packages/django/template/engine.py", line 208, in select_template
    return self.get_template(template_name)
  File "/var/www/kampuslu/venv/lib/python3.10/site-packages/django/template/engine.py", line 177, in get_template
    template, origin = self.find_template(template_name)
  File "/var/www/kampuslu/venv/lib/python3.10/site-packages/django/template/engine.py", line 159, in find_template
    template = loader.get_template(name, skip=skip)
  File "/var/www/kampuslu/venv/lib/python3.10/site-packages/django/template/loaders/cached.py", line 57, in get_template
    template = super().get_template(template_name, skip)
  File "/var/www/kampuslu/venv/lib/python3.10/site-packages/django/template/loaders/base.py", line 28, in get_template
    return Template(
  File "/var/www/kampuslu/venv/lib/python3.10/site-packages/django/template/base.py", line 154, in __init__
    self.nodelist = self.compile_nodelist()
  File "/var/www/kampuslu/venv/lib/python3.10/site-packages/django/template/base.py", line 196, in compile_nodelist
    nodelist = parser.parse()
  File "/var/www/kampuslu/venv/lib/python3.10/site-packages/django/template/base.py", line 512, in parse
    self.invalid_block_tag(token, command, parse_until)
  File "/var/www/kampuslu/venv/lib/python3.10/site-packages/django/template/base.py", line 577, in invalid_block_tag
    raise self.error(
django.template.exceptions.TemplateSyntaxError: Invalid block tag on line 32: 'static'. Did you forget to register or load this tag?
ERROR 2025-07-07 21:01:16,305 log 120197 140226263068672 Internal Server Error: /post/
Traceback (most recent call last):
  File "/var/www/kampuslu/venv/lib/python3.10/site-packages/django/template/base.py", line 510, in parse
    compile_func = self.tags[command]
KeyError: 'static'

During handling of the above exception, another exception occurred:

Traceback (most recent call last):
  File "/var/www/kampuslu/venv/lib/python3.10/site-packages/django/core/handlers/exception.py", line 55, in inner
    response = get_response(request)
  File "/var/www/kampuslu/venv/lib/python3.10/site-packages/django/core/handlers/base.py", line 220, in _get_response
    response = response.render()
  File "/var/www/kampuslu/venv/lib/python3.10/site-packages/django/template/response.py", line 114, in render
    self.content = self.rendered_content
  File "/var/www/kampuslu/venv/lib/python3.10/site-packages/django/template/response.py", line 92, in rendered_content
    return template.render(context, self._request)
  File "/var/www/kampuslu/venv/lib/python3.10/site-packages/django/template/backends/django.py", line 107, in render
    return self.template.render(context)
  File "/var/www/kampuslu/venv/lib/python3.10/site-packages/django/template/base.py", line 171, in render
    return self._render(context)
  File "/var/www/kampuslu/venv/lib/python3.10/site-packages/django/template/base.py", line 163, in _render
    return self.nodelist.render(context)
  File "/var/www/kampuslu/venv/lib/python3.10/site-packages/django/template/base.py", line 1016, in render
    return SafeString("".join([node.render_annotated(context) for node in self]))
  File "/var/www/kampuslu/venv/lib/python3.10/site-packages/django/template/base.py", line 1016, in <listcomp>
    return SafeString("".join([node.render_annotated(context) for node in self]))
  File "/var/www/kampuslu/venv/lib/python3.10/site-packages/django/template/base.py", line 977, in render_annotated
    return self.render(context)
  File "/var/www/kampuslu/venv/lib/python3.10/site-packages/django/template/loader_tags.py", line 159, in render
    return compiled_parent._render(context)
  File "/var/www/kampuslu/venv/lib/python3.10/site-packages/django/template/base.py", line 163, in _render
    return self.nodelist.render(context)
  File "/var/www/kampuslu/venv/lib/python3.10/site-packages/django/template/base.py", line 1016, in render
    return SafeString("".join([node.render_annotated(context) for node in self]))
  File "/var/www/kampuslu/venv/lib/python3.10/site-packages/django/template/base.py", line 1016, in <listcomp>
    return SafeString("".join([node.render_annotated(context) for node in self]))
  File "/var/www/kampuslu/venv/lib/python3.10/site-packages/django/template/base.py", line 977, in render_annotated
    return self.render(context)
  File "/var/www/kampuslu/venv/lib/python3.10/site-packages/django/template/loader_tags.py", line 65, in render
    result = block.nodelist.render(context)
  File "/var/www/kampuslu/venv/lib/python3.10/site-packages/django/template/base.py", line 1016, in render
    return SafeString("".join([node.render_annotated(context) for node in self]))
  File "/var/www/kampuslu/venv/lib/python3.10/site-packages/django/template/base.py", line 1016, in <listcomp>
    return SafeString("".join([node.render_annotated(context) for node in self]))
  File "/var/www/kampuslu/venv/lib/python3.10/site-packages/django/template/base.py", line 977, in render_annotated
    return self.render(context)
  File "/var/www/kampuslu/venv/lib/python3.10/site-packages/django/template/loader_tags.py", line 199, in render
    template = context.template.engine.select_template(template_name)
  File "/var/www/kampuslu/venv/lib/python3.10/site-packages/django/template/engine.py", line 208, in select_template
    return self.get_template(template_name)
  File "/var/www/kampuslu/venv/lib/python3.10/site-packages/django/template/engine.py", line 177, in get_template
    template, origin = self.find_template(template_name)
  File "/var/www/kampuslu/venv/lib/python3.10/site-packages/django/template/engine.py", line 159, in find_template
    template = loader.get_template(name, skip=skip)
  File "/var/www/kampuslu/venv/lib/python3.10/site-packages/django/template/loaders/cached.py", line 57, in get_template
    template = super().get_template(template_name, skip)
  File "/var/www/kampuslu/venv/lib/python3.10/site-packages/django/template/loaders/base.py", line 28, in get_template
    return Template(
  File "/var/www/kampuslu/venv/lib/python3.10/site-packages/django/template/base.py", line 154, in __init__
    self.nodelist = self.compile_nodelist()
  File "/var/www/kampuslu/venv/lib/python3.10/site-packages/django/template/base.py", line 196, in compile_nodelist
    nodelist = parser.parse()
  File "/var/www/kampuslu/venv/lib/python3.10/site-packages/django/template/base.py", line 512, in parse
    self.invalid_block_tag(token, command, parse_until)
  File "/var/www/kampuslu/venv/lib/python3.10/site-packages/django/template/base.py", line 577, in invalid_block_tag
    raise self.error(
django.template.exceptions.TemplateSyntaxError: Invalid block tag on line 32: 'static'. Did you forget to register or load this tag?
ERROR 2025-07-07 21:01:16,819 log 120195 140226263068672 Internal Server Error: /post/
Traceback (most recent call last):
  File "/var/www/kampuslu/venv/lib/python3.10/site-packages/django/template/base.py", line 510, in parse
    compile_func = self.tags[command]
KeyError: 'static'

During handling of the above exception, another exception occurred:

Traceback (most recent call last):
  File "/var/www/kampuslu/venv/lib/python3.10/site-packages/django/core/handlers/exception.py", line 55, in inner
    response = get_response(request)
  File "/var/www/kampuslu/venv/lib/python3.10/site-packages/django/core/handlers/base.py", line 220, in _get_response
    response = response.render()
  File "/var/www/kampuslu/venv/lib/python3.10/site-packages/django/template/response.py", line 114, in render
    self.content = self.rendered_content
  File "/var/www/kampuslu/venv/lib/python3.10/site-packages/django/template/response.py", line 92, in rendered_content
    return template.render(context, self._request)
  File "/var/www/kampuslu/venv/lib/python3.10/site-packages/django/template/backends/django.py", line 107, in render
    return self.template.render(context)
  File "/var/www/kampuslu/venv/lib/python3.10/site-packages/django/template/base.py", line 171, in render
    return self._render(context)
  File "/var/www/kampuslu/venv/lib/python3.10/site-packages/django/template/base.py", line 163, in _render
    return self.nodelist.render(context)
  File "/var/www/kampuslu/venv/lib/python3.10/site-packages/django/template/base.py", line 1016, in render
    return SafeString("".join([node.render_annotated(context) for node in self]))
  File "/var/www/kampuslu/venv/lib/python3.10/site-packages/django/template/base.py", line 1016, in <listcomp>
    return SafeString("".join([node.render_annotated(context) for node in self]))
  File "/var/www/kampuslu/venv/lib/python3.10/site-packages/django/template/base.py", line 977, in render_annotated
    return self.render(context)
  File "/var/www/kampuslu/venv/lib/python3.10/site-packages/django/template/loader_tags.py", line 159, in render
    return compiled_parent._render(context)
  File "/var/www/kampuslu/venv/lib/python3.10/site-packages/django/template/base.py", line 163, in _render
    return self.nodelist.render(context)
  File "/var/www/kampuslu/venv/lib/python3.10/site-packages/django/template/base.py", line 1016, in render
    return SafeString("".join([node.render_annotated(context) for node in self]))
  File "/var/www/kampuslu/venv/lib/python3.10/site-packages/django/template/base.py", line 1016, in <listcomp>
    return SafeString("".join([node.render_annotated(context) for node in self]))
  File "/var/www/kampuslu/venv/lib/python3.10/site-packages/django/template/base.py", line 977, in render_annotated
    return self.render(context)
  File "/var/www/kampuslu/venv/lib/python3.10/site-packages/django/template/loader_tags.py", line 65, in render
    result = block.nodelist.render(context)
  File "/var/www/kampuslu/venv/lib/python3.10/site-packages/django/template/base.py", line 1016, in render
    return SafeString("".join([node.render_annotated(context) for node in self]))
  File "/var/www/kampuslu/venv/lib/python3.10/site-packages/django/template/base.py", line 1016, in <listcomp>
    return SafeString("".join([node.render_annotated(context) for node in self]))
  File "/var/www/kampuslu/venv/lib/python3.10/site-packages/django/template/base.py", line 977, in render_annotated
    return self.render(context)
  File "/var/www/kampuslu/venv/lib/python3.10/site-packages/django/template/loader_tags.py", line 199, in render
    template = context.template.engine.select_template(template_name)
  File "/var/www/kampuslu/venv/lib/python3.10/site-packages/django/template/engine.py", line 208, in select_template
    return self.get_template(template_name)
  File "/var/www/kampuslu/venv/lib/python3.10/site-packages/django/template/engine.py", line 177, in get_template
    template, origin = self.find_template(template_name)
  File "/var/www/kampuslu/venv/lib/python3.10/site-packages/django/template/engine.py", line 159, in find_template
    template = loader.get_template(name, skip=skip)
  File "/var/www/kampuslu/venv/lib/python3.10/site-packages/django/template/loaders/cached.py", line 57, in get_template
    template = super().get_template(template_name, skip)
  File "/var/www/kampuslu/venv/lib/python3.10/site-packages/django/template/loaders/base.py", line 28, in get_template
    return Template(
  File "/var/www/kampuslu/venv/lib/python3.10/site-packages/django/template/base.py", line 154, in __init__
    self.nodelist = self.compile_nodelist()
  File "/var/www/kampuslu/venv/lib/python3.10/site-packages/django/template/base.py", line 196, in compile_nodelist
    nodelist = parser.parse()
  File "/var/www/kampuslu/venv/lib/python3.10/site-packages/django/template/base.py", line 512, in parse
    self.invalid_block_tag(token, command, parse_until)
  File "/var/www/kampuslu/venv/lib/python3.10/site-packages/django/template/base.py", line 577, in invalid_block_tag
    raise self.error(
django.template.exceptions.TemplateSyntaxError: Invalid block tag on line 32: 'static'. Did you forget to register or load this tag?
WARNING 2025-07-07 21:01:24,419 log 120197 140226263068672 Not Found: /wp-admin/setup-config.php
WARNING 2025-07-07 21:01:52,958 log 120195 140226263068672 Not Found: /wordpress/wp-admin/setup-config.php
ERROR 2025-07-07 21:02:07,814 log 120197 140226263068672 Internal Server Error: /post/
Traceback (most recent call last):
  File "/var/www/kampuslu/venv/lib/python3.10/site-packages/django/template/base.py", line 510, in parse
    compile_func = self.tags[command]
KeyError: 'static'

During handling of the above exception, another exception occurred:

Traceback (most recent call last):
  File "/var/www/kampuslu/venv/lib/python3.10/site-packages/django/core/handlers/exception.py", line 55, in inner
    response = get_response(request)
  File "/var/www/kampuslu/venv/lib/python3.10/site-packages/django/core/handlers/base.py", line 220, in _get_response
    response = response.render()
  File "/var/www/kampuslu/venv/lib/python3.10/site-packages/django/template/response.py", line 114, in render
    self.content = self.rendered_content
  File "/var/www/kampuslu/venv/lib/python3.10/site-packages/django/template/response.py", line 92, in rendered_content
    return template.render(context, self._request)
  File "/var/www/kampuslu/venv/lib/python3.10/site-packages/django/template/backends/django.py", line 107, in render
    return self.template.render(context)
  File "/var/www/kampuslu/venv/lib/python3.10/site-packages/django/template/base.py", line 171, in render
    return self._render(context)
  File "/var/www/kampuslu/venv/lib/python3.10/site-packages/django/template/base.py", line 163, in _render
    return self.nodelist.render(context)
  File "/var/www/kampuslu/venv/lib/python3.10/site-packages/django/template/base.py", line 1016, in render
    return SafeString("".join([node.render_annotated(context) for node in self]))
  File "/var/www/kampuslu/venv/lib/python3.10/site-packages/django/template/base.py", line 1016, in <listcomp>
    return SafeString("".join([node.render_annotated(context) for node in self]))
  File "/var/www/kampuslu/venv/lib/python3.10/site-packages/django/template/base.py", line 977, in render_annotated
    return self.render(context)
  File "/var/www/kampuslu/venv/lib/python3.10/site-packages/django/template/loader_tags.py", line 159, in render
    return compiled_parent._render(context)
  File "/var/www/kampuslu/venv/lib/python3.10/site-packages/django/template/base.py", line 163, in _render
    return self.nodelist.render(context)
  File "/var/www/kampuslu/venv/lib/python3.10/site-packages/django/template/base.py", line 1016, in render
    return SafeString("".join([node.render_annotated(context) for node in self]))
  File "/var/www/kampuslu/venv/lib/python3.10/site-packages/django/template/base.py", line 1016, in <listcomp>
    return SafeString("".join([node.render_annotated(context) for node in self]))
  File "/var/www/kampuslu/venv/lib/python3.10/site-packages/django/template/base.py", line 977, in render_annotated
    return self.render(context)
  File "/var/www/kampuslu/venv/lib/python3.10/site-packages/django/template/loader_tags.py", line 65, in render
    result = block.nodelist.render(context)
  File "/var/www/kampuslu/venv/lib/python3.10/site-packages/django/template/base.py", line 1016, in render
    return SafeString("".join([node.render_annotated(context) for node in self]))
  File "/var/www/kampuslu/venv/lib/python3.10/site-packages/django/template/base.py", line 1016, in <listcomp>
    return SafeString("".join([node.render_annotated(context) for node in self]))
  File "/var/www/kampuslu/venv/lib/python3.10/site-packages/django/template/base.py", line 977, in render_annotated
    return self.render(context)
  File "/var/www/kampuslu/venv/lib/python3.10/site-packages/django/template/loader_tags.py", line 199, in render
    template = context.template.engine.select_template(template_name)
  File "/var/www/kampuslu/venv/lib/python3.10/site-packages/django/template/engine.py", line 208, in select_template
    return self.get_template(template_name)
  File "/var/www/kampuslu/venv/lib/python3.10/site-packages/django/template/engine.py", line 177, in get_template
    template, origin = self.find_template(template_name)
  File "/var/www/kampuslu/venv/lib/python3.10/site-packages/django/template/engine.py", line 159, in find_template
    template = loader.get_template(name, skip=skip)
  File "/var/www/kampuslu/venv/lib/python3.10/site-packages/django/template/loaders/cached.py", line 57, in get_template
    template = super().get_template(template_name, skip)
  File "/var/www/kampuslu/venv/lib/python3.10/site-packages/django/template/loaders/base.py", line 28, in get_template
    return Template(
  File "/var/www/kampuslu/venv/lib/python3.10/site-packages/django/template/base.py", line 154, in __init__
    self.nodelist = self.compile_nodelist()
  File "/var/www/kampuslu/venv/lib/python3.10/site-packages/django/template/base.py", line 196, in compile_nodelist
    nodelist = parser.parse()
  File "/var/www/kampuslu/venv/lib/python3.10/site-packages/django/template/base.py", line 512, in parse
    self.invalid_block_tag(token, command, parse_until)
  File "/var/www/kampuslu/venv/lib/python3.10/site-packages/django/template/base.py", line 577, in invalid_block_tag
    raise self.error(
django.template.exceptions.TemplateSyntaxError: Invalid block tag on line 32: 'static'. Did you forget to register or load this tag?
ERROR 2025-07-07 21:02:09,493 log 120196 140226263068672 Internal Server Error: /post/
Traceback (most recent call last):
  File "/var/www/kampuslu/venv/lib/python3.10/site-packages/django/template/base.py", line 510, in parse
    compile_func = self.tags[command]
KeyError: 'static'

During handling of the above exception, another exception occurred:

Traceback (most recent call last):
  File "/var/www/kampuslu/venv/lib/python3.10/site-packages/django/core/handlers/exception.py", line 55, in inner
    response = get_response(request)
  File "/var/www/kampuslu/venv/lib/python3.10/site-packages/django/core/handlers/base.py", line 220, in _get_response
    response = response.render()
  File "/var/www/kampuslu/venv/lib/python3.10/site-packages/django/template/response.py", line 114, in render
    self.content = self.rendered_content
  File "/var/www/kampuslu/venv/lib/python3.10/site-packages/django/template/response.py", line 92, in rendered_content
    return template.render(context, self._request)
  File "/var/www/kampuslu/venv/lib/python3.10/site-packages/django/template/backends/django.py", line 107, in render
    return self.template.render(context)
  File "/var/www/kampuslu/venv/lib/python3.10/site-packages/django/template/base.py", line 171, in render
    return self._render(context)
  File "/var/www/kampuslu/venv/lib/python3.10/site-packages/django/template/base.py", line 163, in _render
    return self.nodelist.render(context)
  File "/var/www/kampuslu/venv/lib/python3.10/site-packages/django/template/base.py", line 1016, in render
    return SafeString("".join([node.render_annotated(context) for node in self]))
  File "/var/www/kampuslu/venv/lib/python3.10/site-packages/django/template/base.py", line 1016, in <listcomp>
    return SafeString("".join([node.render_annotated(context) for node in self]))
  File "/var/www/kampuslu/venv/lib/python3.10/site-packages/django/template/base.py", line 977, in render_annotated
    return self.render(context)
  File "/var/www/kampuslu/venv/lib/python3.10/site-packages/django/template/loader_tags.py", line 159, in render
    return compiled_parent._render(context)
  File "/var/www/kampuslu/venv/lib/python3.10/site-packages/django/template/base.py", line 163, in _render
    return self.nodelist.render(context)
  File "/var/www/kampuslu/venv/lib/python3.10/site-packages/django/template/base.py", line 1016, in render
    return SafeString("".join([node.render_annotated(context) for node in self]))
  File "/var/www/kampuslu/venv/lib/python3.10/site-packages/django/template/base.py", line 1016, in <listcomp>
    return SafeString("".join([node.render_annotated(context) for node in self]))
  File "/var/www/kampuslu/venv/lib/python3.10/site-packages/django/template/base.py", line 977, in render_annotated
    return self.render(context)
  File "/var/www/kampuslu/venv/lib/python3.10/site-packages/django/template/loader_tags.py", line 65, in render
    result = block.nodelist.render(context)
  File "/var/www/kampuslu/venv/lib/python3.10/site-packages/django/template/base.py", line 1016, in render
    return SafeString("".join([node.render_annotated(context) for node in self]))
  File "/var/www/kampuslu/venv/lib/python3.10/site-packages/django/template/base.py", line 1016, in <listcomp>
    return SafeString("".join([node.render_annotated(context) for node in self]))
  File "/var/www/kampuslu/venv/lib/python3.10/site-packages/django/template/base.py", line 977, in render_annotated
    return self.render(context)
  File "/var/www/kampuslu/venv/lib/python3.10/site-packages/django/template/loader_tags.py", line 199, in render
    template = context.template.engine.select_template(template_name)
  File "/var/www/kampuslu/venv/lib/python3.10/site-packages/django/template/engine.py", line 208, in select_template
    return self.get_template(template_name)
  File "/var/www/kampuslu/venv/lib/python3.10/site-packages/django/template/engine.py", line 177, in get_template
    template, origin = self.find_template(template_name)
  File "/var/www/kampuslu/venv/lib/python3.10/site-packages/django/template/engine.py", line 159, in find_template
    template = loader.get_template(name, skip=skip)
  File "/var/www/kampuslu/venv/lib/python3.10/site-packages/django/template/loaders/cached.py", line 57, in get_template
    template = super().get_template(template_name, skip)
  File "/var/www/kampuslu/venv/lib/python3.10/site-packages/django/template/loaders/base.py", line 28, in get_template
    return Template(
  File "/var/www/kampuslu/venv/lib/python3.10/site-packages/django/template/base.py", line 154, in __init__
    self.nodelist = self.compile_nodelist()
  File "/var/www/kampuslu/venv/lib/python3.10/site-packages/django/template/base.py", line 196, in compile_nodelist
    nodelist = parser.parse()
  File "/var/www/kampuslu/venv/lib/python3.10/site-packages/django/template/base.py", line 512, in parse
    self.invalid_block_tag(token, command, parse_until)
  File "/var/www/kampuslu/venv/lib/python3.10/site-packages/django/template/base.py", line 577, in invalid_block_tag
    raise self.error(
django.template.exceptions.TemplateSyntaxError: Invalid block tag on line 32: 'static'. Did you forget to register or load this tag?
ERROR 2025-07-07 21:02:49,423 log 120196 140226263068672 Internal Server Error: /post/
Traceback (most recent call last):
  File "/var/www/kampuslu/venv/lib/python3.10/site-packages/django/template/base.py", line 510, in parse
    compile_func = self.tags[command]
KeyError: 'static'

During handling of the above exception, another exception occurred:

Traceback (most recent call last):
  File "/var/www/kampuslu/venv/lib/python3.10/site-packages/django/core/handlers/exception.py", line 55, in inner
    response = get_response(request)
  File "/var/www/kampuslu/venv/lib/python3.10/site-packages/django/core/handlers/base.py", line 220, in _get_response
    response = response.render()
  File "/var/www/kampuslu/venv/lib/python3.10/site-packages/django/template/response.py", line 114, in render
    self.content = self.rendered_content
  File "/var/www/kampuslu/venv/lib/python3.10/site-packages/django/template/response.py", line 92, in rendered_content
    return template.render(context, self._request)
  File "/var/www/kampuslu/venv/lib/python3.10/site-packages/django/template/backends/django.py", line 107, in render
    return self.template.render(context)
  File "/var/www/kampuslu/venv/lib/python3.10/site-packages/django/template/base.py", line 171, in render
    return self._render(context)
  File "/var/www/kampuslu/venv/lib/python3.10/site-packages/django/template/base.py", line 163, in _render
    return self.nodelist.render(context)
  File "/var/www/kampuslu/venv/lib/python3.10/site-packages/django/template/base.py", line 1016, in render
    return SafeString("".join([node.render_annotated(context) for node in self]))
  File "/var/www/kampuslu/venv/lib/python3.10/site-packages/django/template/base.py", line 1016, in <listcomp>
    return SafeString("".join([node.render_annotated(context) for node in self]))
  File "/var/www/kampuslu/venv/lib/python3.10/site-packages/django/template/base.py", line 977, in render_annotated
    return self.render(context)
  File "/var/www/kampuslu/venv/lib/python3.10/site-packages/django/template/loader_tags.py", line 159, in render
    return compiled_parent._render(context)
  File "/var/www/kampuslu/venv/lib/python3.10/site-packages/django/template/base.py", line 163, in _render
    return self.nodelist.render(context)
  File "/var/www/kampuslu/venv/lib/python3.10/site-packages/django/template/base.py", line 1016, in render
    return SafeString("".join([node.render_annotated(context) for node in self]))
  File "/var/www/kampuslu/venv/lib/python3.10/site-packages/django/template/base.py", line 1016, in <listcomp>
    return SafeString("".join([node.render_annotated(context) for node in self]))
  File "/var/www/kampuslu/venv/lib/python3.10/site-packages/django/template/base.py", line 977, in render_annotated
    return self.render(context)
  File "/var/www/kampuslu/venv/lib/python3.10/site-packages/django/template/loader_tags.py", line 65, in render
    result = block.nodelist.render(context)
  File "/var/www/kampuslu/venv/lib/python3.10/site-packages/django/template/base.py", line 1016, in render
    return SafeString("".join([node.render_annotated(context) for node in self]))
  File "/var/www/kampuslu/venv/lib/python3.10/site-packages/django/template/base.py", line 1016, in <listcomp>
    return SafeString("".join([node.render_annotated(context) for node in self]))
  File "/var/www/kampuslu/venv/lib/python3.10/site-packages/django/template/base.py", line 977, in render_annotated
    return self.render(context)
  File "/var/www/kampuslu/venv/lib/python3.10/site-packages/django/template/loader_tags.py", line 199, in render
    template = context.template.engine.select_template(template_name)
  File "/var/www/kampuslu/venv/lib/python3.10/site-packages/django/template/engine.py", line 208, in select_template
    return self.get_template(template_name)
  File "/var/www/kampuslu/venv/lib/python3.10/site-packages/django/template/engine.py", line 177, in get_template
    template, origin = self.find_template(template_name)
  File "/var/www/kampuslu/venv/lib/python3.10/site-packages/django/template/engine.py", line 159, in find_template
    template = loader.get_template(name, skip=skip)
  File "/var/www/kampuslu/venv/lib/python3.10/site-packages/django/template/loaders/cached.py", line 57, in get_template
    template = super().get_template(template_name, skip)
  File "/var/www/kampuslu/venv/lib/python3.10/site-packages/django/template/loaders/base.py", line 28, in get_template
    return Template(
  File "/var/www/kampuslu/venv/lib/python3.10/site-packages/django/template/base.py", line 154, in __init__
    self.nodelist = self.compile_nodelist()
  File "/var/www/kampuslu/venv/lib/python3.10/site-packages/django/template/base.py", line 196, in compile_nodelist
    nodelist = parser.parse()
  File "/var/www/kampuslu/venv/lib/python3.10/site-packages/django/template/base.py", line 512, in parse
    self.invalid_block_tag(token, command, parse_until)
  File "/var/www/kampuslu/venv/lib/python3.10/site-packages/django/template/base.py", line 577, in invalid_block_tag
    raise self.error(
django.template.exceptions.TemplateSyntaxError: Invalid block tag on line 32: 'static'. Did you forget to register or load this tag?
WARNING 2025-07-07 21:02:49,832 log 120195 140226263068672 Not Found: /favicon.ico
ERROR 2025-07-07 21:02:53,459 log 120196 140226263068672 Internal Server Error: /post/
Traceback (most recent call last):
  File "/var/www/kampuslu/venv/lib/python3.10/site-packages/django/template/base.py", line 510, in parse
    compile_func = self.tags[command]
KeyError: 'static'

During handling of the above exception, another exception occurred:

Traceback (most recent call last):
  File "/var/www/kampuslu/venv/lib/python3.10/site-packages/django/core/handlers/exception.py", line 55, in inner
    response = get_response(request)
  File "/var/www/kampuslu/venv/lib/python3.10/site-packages/django/core/handlers/base.py", line 220, in _get_response
    response = response.render()
  File "/var/www/kampuslu/venv/lib/python3.10/site-packages/django/template/response.py", line 114, in render
    self.content = self.rendered_content
  File "/var/www/kampuslu/venv/lib/python3.10/site-packages/django/template/response.py", line 92, in rendered_content
    return template.render(context, self._request)
  File "/var/www/kampuslu/venv/lib/python3.10/site-packages/django/template/backends/django.py", line 107, in render
    return self.template.render(context)
  File "/var/www/kampuslu/venv/lib/python3.10/site-packages/django/template/base.py", line 171, in render
    return self._render(context)
  File "/var/www/kampuslu/venv/lib/python3.10/site-packages/django/template/base.py", line 163, in _render
    return self.nodelist.render(context)
  File "/var/www/kampuslu/venv/lib/python3.10/site-packages/django/template/base.py", line 1016, in render
    return SafeString("".join([node.render_annotated(context) for node in self]))
  File "/var/www/kampuslu/venv/lib/python3.10/site-packages/django/template/base.py", line 1016, in <listcomp>
    return SafeString("".join([node.render_annotated(context) for node in self]))
  File "/var/www/kampuslu/venv/lib/python3.10/site-packages/django/template/base.py", line 977, in render_annotated
    return self.render(context)
  File "/var/www/kampuslu/venv/lib/python3.10/site-packages/django/template/loader_tags.py", line 159, in render
    return compiled_parent._render(context)
  File "/var/www/kampuslu/venv/lib/python3.10/site-packages/django/template/base.py", line 163, in _render
    return self.nodelist.render(context)
  File "/var/www/kampuslu/venv/lib/python3.10/site-packages/django/template/base.py", line 1016, in render
    return SafeString("".join([node.render_annotated(context) for node in self]))
  File "/var/www/kampuslu/venv/lib/python3.10/site-packages/django/template/base.py", line 1016, in <listcomp>
    return SafeString("".join([node.render_annotated(context) for node in self]))
  File "/var/www/kampuslu/venv/lib/python3.10/site-packages/django/template/base.py", line 977, in render_annotated
    return self.render(context)
  File "/var/www/kampuslu/venv/lib/python3.10/site-packages/django/template/loader_tags.py", line 65, in render
    result = block.nodelist.render(context)
  File "/var/www/kampuslu/venv/lib/python3.10/site-packages/django/template/base.py", line 1016, in render
    return SafeString("".join([node.render_annotated(context) for node in self]))
  File "/var/www/kampuslu/venv/lib/python3.10/site-packages/django/template/base.py", line 1016, in <listcomp>
    return SafeString("".join([node.render_annotated(context) for node in self]))
  File "/var/www/kampuslu/venv/lib/python3.10/site-packages/django/template/base.py", line 977, in render_annotated
    return self.render(context)
  File "/var/www/kampuslu/venv/lib/python3.10/site-packages/django/template/loader_tags.py", line 199, in render
    template = context.template.engine.select_template(template_name)
  File "/var/www/kampuslu/venv/lib/python3.10/site-packages/django/template/engine.py", line 208, in select_template
    return self.get_template(template_name)
  File "/var/www/kampuslu/venv/lib/python3.10/site-packages/django/template/engine.py", line 177, in get_template
    template, origin = self.find_template(template_name)
  File "/var/www/kampuslu/venv/lib/python3.10/site-packages/django/template/engine.py", line 159, in find_template
    template = loader.get_template(name, skip=skip)
  File "/var/www/kampuslu/venv/lib/python3.10/site-packages/django/template/loaders/cached.py", line 57, in get_template
    template = super().get_template(template_name, skip)
  File "/var/www/kampuslu/venv/lib/python3.10/site-packages/django/template/loaders/base.py", line 28, in get_template
    return Template(
  File "/var/www/kampuslu/venv/lib/python3.10/site-packages/django/template/base.py", line 154, in __init__
    self.nodelist = self.compile_nodelist()
  File "/var/www/kampuslu/venv/lib/python3.10/site-packages/django/template/base.py", line 196, in compile_nodelist
    nodelist = parser.parse()
  File "/var/www/kampuslu/venv/lib/python3.10/site-packages/django/template/base.py", line 512, in parse
    self.invalid_block_tag(token, command, parse_until)
  File "/var/www/kampuslu/venv/lib/python3.10/site-packages/django/template/base.py", line 577, in invalid_block_tag
    raise self.error(
django.template.exceptions.TemplateSyntaxError: Invalid block tag on line 32: 'static'. Did you forget to register or load this tag?
ERROR 2025-07-07 21:02:56,135 log 120197 140226263068672 Internal Server Error: /post/
Traceback (most recent call last):
  File "/var/www/kampuslu/venv/lib/python3.10/site-packages/django/template/base.py", line 510, in parse
    compile_func = self.tags[command]
KeyError: 'static'

During handling of the above exception, another exception occurred:

Traceback (most recent call last):
  File "/var/www/kampuslu/venv/lib/python3.10/site-packages/django/core/handlers/exception.py", line 55, in inner
    response = get_response(request)
  File "/var/www/kampuslu/venv/lib/python3.10/site-packages/django/core/handlers/base.py", line 220, in _get_response
    response = response.render()
  File "/var/www/kampuslu/venv/lib/python3.10/site-packages/django/template/response.py", line 114, in render
    self.content = self.rendered_content
  File "/var/www/kampuslu/venv/lib/python3.10/site-packages/django/template/response.py", line 92, in rendered_content
    return template.render(context, self._request)
  File "/var/www/kampuslu/venv/lib/python3.10/site-packages/django/template/backends/django.py", line 107, in render
    return self.template.render(context)
  File "/var/www/kampuslu/venv/lib/python3.10/site-packages/django/template/base.py", line 171, in render
    return self._render(context)
  File "/var/www/kampuslu/venv/lib/python3.10/site-packages/django/template/base.py", line 163, in _render
    return self.nodelist.render(context)
  File "/var/www/kampuslu/venv/lib/python3.10/site-packages/django/template/base.py", line 1016, in render
    return SafeString("".join([node.render_annotated(context) for node in self]))
  File "/var/www/kampuslu/venv/lib/python3.10/site-packages/django/template/base.py", line 1016, in <listcomp>
    return SafeString("".join([node.render_annotated(context) for node in self]))
  File "/var/www/kampuslu/venv/lib/python3.10/site-packages/django/template/base.py", line 977, in render_annotated
    return self.render(context)
  File "/var/www/kampuslu/venv/lib/python3.10/site-packages/django/template/loader_tags.py", line 159, in render
    return compiled_parent._render(context)
  File "/var/www/kampuslu/venv/lib/python3.10/site-packages/django/template/base.py", line 163, in _render
    return self.nodelist.render(context)
  File "/var/www/kampuslu/venv/lib/python3.10/site-packages/django/template/base.py", line 1016, in render
    return SafeString("".join([node.render_annotated(context) for node in self]))
  File "/var/www/kampuslu/venv/lib/python3.10/site-packages/django/template/base.py", line 1016, in <listcomp>
    return SafeString("".join([node.render_annotated(context) for node in self]))
  File "/var/www/kampuslu/venv/lib/python3.10/site-packages/django/template/base.py", line 977, in render_annotated
    return self.render(context)
  File "/var/www/kampuslu/venv/lib/python3.10/site-packages/django/template/loader_tags.py", line 65, in render
    result = block.nodelist.render(context)
  File "/var/www/kampuslu/venv/lib/python3.10/site-packages/django/template/base.py", line 1016, in render
    return SafeString("".join([node.render_annotated(context) for node in self]))
  File "/var/www/kampuslu/venv/lib/python3.10/site-packages/django/template/base.py", line 1016, in <listcomp>
    return SafeString("".join([node.render_annotated(context) for node in self]))
  File "/var/www/kampuslu/venv/lib/python3.10/site-packages/django/template/base.py", line 977, in render_annotated
    return self.render(context)
  File "/var/www/kampuslu/venv/lib/python3.10/site-packages/django/template/loader_tags.py", line 199, in render
    template = context.template.engine.select_template(template_name)
  File "/var/www/kampuslu/venv/lib/python3.10/site-packages/django/template/engine.py", line 208, in select_template
    return self.get_template(template_name)
  File "/var/www/kampuslu/venv/lib/python3.10/site-packages/django/template/engine.py", line 177, in get_template
    template, origin = self.find_template(template_name)
  File "/var/www/kampuslu/venv/lib/python3.10/site-packages/django/template/engine.py", line 159, in find_template
    template = loader.get_template(name, skip=skip)
  File "/var/www/kampuslu/venv/lib/python3.10/site-packages/django/template/loaders/cached.py", line 57, in get_template
    template = super().get_template(template_name, skip)
  File "/var/www/kampuslu/venv/lib/python3.10/site-packages/django/template/loaders/base.py", line 28, in get_template
    return Template(
  File "/var/www/kampuslu/venv/lib/python3.10/site-packages/django/template/base.py", line 154, in __init__
    self.nodelist = self.compile_nodelist()
  File "/var/www/kampuslu/venv/lib/python3.10/site-packages/django/template/base.py", line 196, in compile_nodelist
    nodelist = parser.parse()
  File "/var/www/kampuslu/venv/lib/python3.10/site-packages/django/template/base.py", line 512, in parse
    self.invalid_block_tag(token, command, parse_until)
  File "/var/www/kampuslu/venv/lib/python3.10/site-packages/django/template/base.py", line 577, in invalid_block_tag
    raise self.error(
django.template.exceptions.TemplateSyntaxError: Invalid block tag on line 32: 'static'. Did you forget to register or load this tag?
ERROR 2025-07-07 21:02:58,244 log 120196 140226263068672 Internal Server Error: /post/
Traceback (most recent call last):
  File "/var/www/kampuslu/venv/lib/python3.10/site-packages/django/template/base.py", line 510, in parse
    compile_func = self.tags[command]
KeyError: 'static'

During handling of the above exception, another exception occurred:

Traceback (most recent call last):
  File "/var/www/kampuslu/venv/lib/python3.10/site-packages/django/core/handlers/exception.py", line 55, in inner
    response = get_response(request)
  File "/var/www/kampuslu/venv/lib/python3.10/site-packages/django/core/handlers/base.py", line 220, in _get_response
    response = response.render()
  File "/var/www/kampuslu/venv/lib/python3.10/site-packages/django/template/response.py", line 114, in render
    self.content = self.rendered_content
  File "/var/www/kampuslu/venv/lib/python3.10/site-packages/django/template/response.py", line 92, in rendered_content
    return template.render(context, self._request)
  File "/var/www/kampuslu/venv/lib/python3.10/site-packages/django/template/backends/django.py", line 107, in render
    return self.template.render(context)
  File "/var/www/kampuslu/venv/lib/python3.10/site-packages/django/template/base.py", line 171, in render
    return self._render(context)
  File "/var/www/kampuslu/venv/lib/python3.10/site-packages/django/template/base.py", line 163, in _render
    return self.nodelist.render(context)
  File "/var/www/kampuslu/venv/lib/python3.10/site-packages/django/template/base.py", line 1016, in render
    return SafeString("".join([node.render_annotated(context) for node in self]))
  File "/var/www/kampuslu/venv/lib/python3.10/site-packages/django/template/base.py", line 1016, in <listcomp>
    return SafeString("".join([node.render_annotated(context) for node in self]))
  File "/var/www/kampuslu/venv/lib/python3.10/site-packages/django/template/base.py", line 977, in render_annotated
    return self.render(context)
  File "/var/www/kampuslu/venv/lib/python3.10/site-packages/django/template/loader_tags.py", line 159, in render
    return compiled_parent._render(context)
  File "/var/www/kampuslu/venv/lib/python3.10/site-packages/django/template/base.py", line 163, in _render
    return self.nodelist.render(context)
  File "/var/www/kampuslu/venv/lib/python3.10/site-packages/django/template/base.py", line 1016, in render
    return SafeString("".join([node.render_annotated(context) for node in self]))
  File "/var/www/kampuslu/venv/lib/python3.10/site-packages/django/template/base.py", line 1016, in <listcomp>
    return SafeString("".join([node.render_annotated(context) for node in self]))
  File "/var/www/kampuslu/venv/lib/python3.10/site-packages/django/template/base.py", line 977, in render_annotated
    return self.render(context)
  File "/var/www/kampuslu/venv/lib/python3.10/site-packages/django/template/loader_tags.py", line 65, in render
    result = block.nodelist.render(context)
  File "/var/www/kampuslu/venv/lib/python3.10/site-packages/django/template/base.py", line 1016, in render
    return SafeString("".join([node.render_annotated(context) for node in self]))
  File "/var/www/kampuslu/venv/lib/python3.10/site-packages/django/template/base.py", line 1016, in <listcomp>
    return SafeString("".join([node.render_annotated(context) for node in self]))
  File "/var/www/kampuslu/venv/lib/python3.10/site-packages/django/template/base.py", line 977, in render_annotated
    return self.render(context)
  File "/var/www/kampuslu/venv/lib/python3.10/site-packages/django/template/loader_tags.py", line 199, in render
    template = context.template.engine.select_template(template_name)
  File "/var/www/kampuslu/venv/lib/python3.10/site-packages/django/template/engine.py", line 208, in select_template
    return self.get_template(template_name)
  File "/var/www/kampuslu/venv/lib/python3.10/site-packages/django/template/engine.py", line 177, in get_template
    template, origin = self.find_template(template_name)
  File "/var/www/kampuslu/venv/lib/python3.10/site-packages/django/template/engine.py", line 159, in find_template
    template = loader.get_template(name, skip=skip)
  File "/var/www/kampuslu/venv/lib/python3.10/site-packages/django/template/loaders/cached.py", line 57, in get_template
    template = super().get_template(template_name, skip)
  File "/var/www/kampuslu/venv/lib/python3.10/site-packages/django/template/loaders/base.py", line 28, in get_template
    return Template(
  File "/var/www/kampuslu/venv/lib/python3.10/site-packages/django/template/base.py", line 154, in __init__
    self.nodelist = self.compile_nodelist()
  File "/var/www/kampuslu/venv/lib/python3.10/site-packages/django/template/base.py", line 196, in compile_nodelist
    nodelist = parser.parse()
  File "/var/www/kampuslu/venv/lib/python3.10/site-packages/django/template/base.py", line 512, in parse
    self.invalid_block_tag(token, command, parse_until)
  File "/var/www/kampuslu/venv/lib/python3.10/site-packages/django/template/base.py", line 577, in invalid_block_tag
    raise self.error(
django.template.exceptions.TemplateSyntaxError: Invalid block tag on line 32: 'static'. Did you forget to register or load this tag?
ERROR 2025-07-07 21:03:06,060 log 120197 140226263068672 Internal Server Error: /post/
Traceback (most recent call last):
  File "/var/www/kampuslu/venv/lib/python3.10/site-packages/django/template/base.py", line 510, in parse
    compile_func = self.tags[command]
KeyError: 'static'

During handling of the above exception, another exception occurred:

Traceback (most recent call last):
  File "/var/www/kampuslu/venv/lib/python3.10/site-packages/django/core/handlers/exception.py", line 55, in inner
    response = get_response(request)
  File "/var/www/kampuslu/venv/lib/python3.10/site-packages/django/core/handlers/base.py", line 220, in _get_response
    response = response.render()
  File "/var/www/kampuslu/venv/lib/python3.10/site-packages/django/template/response.py", line 114, in render
    self.content = self.rendered_content
  File "/var/www/kampuslu/venv/lib/python3.10/site-packages/django/template/response.py", line 92, in rendered_content
    return template.render(context, self._request)
  File "/var/www/kampuslu/venv/lib/python3.10/site-packages/django/template/backends/django.py", line 107, in render
    return self.template.render(context)
  File "/var/www/kampuslu/venv/lib/python3.10/site-packages/django/template/base.py", line 171, in render
    return self._render(context)
  File "/var/www/kampuslu/venv/lib/python3.10/site-packages/django/template/base.py", line 163, in _render
    return self.nodelist.render(context)
  File "/var/www/kampuslu/venv/lib/python3.10/site-packages/django/template/base.py", line 1016, in render
    return SafeString("".join([node.render_annotated(context) for node in self]))
  File "/var/www/kampuslu/venv/lib/python3.10/site-packages/django/template/base.py", line 1016, in <listcomp>
    return SafeString("".join([node.render_annotated(context) for node in self]))
  File "/var/www/kampuslu/venv/lib/python3.10/site-packages/django/template/base.py", line 977, in render_annotated
    return self.render(context)
  File "/var/www/kampuslu/venv/lib/python3.10/site-packages/django/template/loader_tags.py", line 159, in render
    return compiled_parent._render(context)
  File "/var/www/kampuslu/venv/lib/python3.10/site-packages/django/template/base.py", line 163, in _render
    return self.nodelist.render(context)
  File "/var/www/kampuslu/venv/lib/python3.10/site-packages/django/template/base.py", line 1016, in render
    return SafeString("".join([node.render_annotated(context) for node in self]))
  File "/var/www/kampuslu/venv/lib/python3.10/site-packages/django/template/base.py", line 1016, in <listcomp>
    return SafeString("".join([node.render_annotated(context) for node in self]))
  File "/var/www/kampuslu/venv/lib/python3.10/site-packages/django/template/base.py", line 977, in render_annotated
    return self.render(context)
  File "/var/www/kampuslu/venv/lib/python3.10/site-packages/django/template/loader_tags.py", line 65, in render
    result = block.nodelist.render(context)
  File "/var/www/kampuslu/venv/lib/python3.10/site-packages/django/template/base.py", line 1016, in render
    return SafeString("".join([node.render_annotated(context) for node in self]))
  File "/var/www/kampuslu/venv/lib/python3.10/site-packages/django/template/base.py", line 1016, in <listcomp>
    return SafeString("".join([node.render_annotated(context) for node in self]))
  File "/var/www/kampuslu/venv/lib/python3.10/site-packages/django/template/base.py", line 977, in render_annotated
    return self.render(context)
  File "/var/www/kampuslu/venv/lib/python3.10/site-packages/django/template/loader_tags.py", line 199, in render
    template = context.template.engine.select_template(template_name)
  File "/var/www/kampuslu/venv/lib/python3.10/site-packages/django/template/engine.py", line 208, in select_template
    return self.get_template(template_name)
  File "/var/www/kampuslu/venv/lib/python3.10/site-packages/django/template/engine.py", line 177, in get_template
    template, origin = self.find_template(template_name)
  File "/var/www/kampuslu/venv/lib/python3.10/site-packages/django/template/engine.py", line 159, in find_template
    template = loader.get_template(name, skip=skip)
  File "/var/www/kampuslu/venv/lib/python3.10/site-packages/django/template/loaders/cached.py", line 57, in get_template
    template = super().get_template(template_name, skip)
  File "/var/www/kampuslu/venv/lib/python3.10/site-packages/django/template/loaders/base.py", line 28, in get_template
    return Template(
  File "/var/www/kampuslu/venv/lib/python3.10/site-packages/django/template/base.py", line 154, in __init__
    self.nodelist = self.compile_nodelist()
  File "/var/www/kampuslu/venv/lib/python3.10/site-packages/django/template/base.py", line 196, in compile_nodelist
    nodelist = parser.parse()
  File "/var/www/kampuslu/venv/lib/python3.10/site-packages/django/template/base.py", line 512, in parse
    self.invalid_block_tag(token, command, parse_until)
  File "/var/www/kampuslu/venv/lib/python3.10/site-packages/django/template/base.py", line 577, in invalid_block_tag
    raise self.error(
django.template.exceptions.TemplateSyntaxError: Invalid block tag on line 32: 'static'. Did you forget to register or load this tag?
ERROR 2025-07-07 21:03:56,502 log 120197 140226263068672 Internal Server Error: /post/
Traceback (most recent call last):
  File "/var/www/kampuslu/venv/lib/python3.10/site-packages/django/template/base.py", line 510, in parse
    compile_func = self.tags[command]
KeyError: 'static'

During handling of the above exception, another exception occurred:

Traceback (most recent call last):
  File "/var/www/kampuslu/venv/lib/python3.10/site-packages/django/core/handlers/exception.py", line 55, in inner
    response = get_response(request)
  File "/var/www/kampuslu/venv/lib/python3.10/site-packages/django/core/handlers/base.py", line 220, in _get_response
    response = response.render()
  File "/var/www/kampuslu/venv/lib/python3.10/site-packages/django/template/response.py", line 114, in render
    self.content = self.rendered_content
  File "/var/www/kampuslu/venv/lib/python3.10/site-packages/django/template/response.py", line 92, in rendered_content
    return template.render(context, self._request)
  File "/var/www/kampuslu/venv/lib/python3.10/site-packages/django/template/backends/django.py", line 107, in render
    return self.template.render(context)
  File "/var/www/kampuslu/venv/lib/python3.10/site-packages/django/template/base.py", line 171, in render
    return self._render(context)
  File "/var/www/kampuslu/venv/lib/python3.10/site-packages/django/template/base.py", line 163, in _render
    return self.nodelist.render(context)
  File "/var/www/kampuslu/venv/lib/python3.10/site-packages/django/template/base.py", line 1016, in render
    return SafeString("".join([node.render_annotated(context) for node in self]))
  File "/var/www/kampuslu/venv/lib/python3.10/site-packages/django/template/base.py", line 1016, in <listcomp>
    return SafeString("".join([node.render_annotated(context) for node in self]))
  File "/var/www/kampuslu/venv/lib/python3.10/site-packages/django/template/base.py", line 977, in render_annotated
    return self.render(context)
  File "/var/www/kampuslu/venv/lib/python3.10/site-packages/django/template/loader_tags.py", line 159, in render
    return compiled_parent._render(context)
  File "/var/www/kampuslu/venv/lib/python3.10/site-packages/django/template/base.py", line 163, in _render
    return self.nodelist.render(context)
  File "/var/www/kampuslu/venv/lib/python3.10/site-packages/django/template/base.py", line 1016, in render
    return SafeString("".join([node.render_annotated(context) for node in self]))
  File "/var/www/kampuslu/venv/lib/python3.10/site-packages/django/template/base.py", line 1016, in <listcomp>
    return SafeString("".join([node.render_annotated(context) for node in self]))
  File "/var/www/kampuslu/venv/lib/python3.10/site-packages/django/template/base.py", line 977, in render_annotated
    return self.render(context)
  File "/var/www/kampuslu/venv/lib/python3.10/site-packages/django/template/loader_tags.py", line 65, in render
    result = block.nodelist.render(context)
  File "/var/www/kampuslu/venv/lib/python3.10/site-packages/django/template/base.py", line 1016, in render
    return SafeString("".join([node.render_annotated(context) for node in self]))
  File "/var/www/kampuslu/venv/lib/python3.10/site-packages/django/template/base.py", line 1016, in <listcomp>
    return SafeString("".join([node.render_annotated(context) for node in self]))
  File "/var/www/kampuslu/venv/lib/python3.10/site-packages/django/template/base.py", line 977, in render_annotated
    return self.render(context)
  File "/var/www/kampuslu/venv/lib/python3.10/site-packages/django/template/loader_tags.py", line 199, in render
    template = context.template.engine.select_template(template_name)
  File "/var/www/kampuslu/venv/lib/python3.10/site-packages/django/template/engine.py", line 208, in select_template
    return self.get_template(template_name)
  File "/var/www/kampuslu/venv/lib/python3.10/site-packages/django/template/engine.py", line 177, in get_template
    template, origin = self.find_template(template_name)
  File "/var/www/kampuslu/venv/lib/python3.10/site-packages/django/template/engine.py", line 159, in find_template
    template = loader.get_template(name, skip=skip)
  File "/var/www/kampuslu/venv/lib/python3.10/site-packages/django/template/loaders/cached.py", line 57, in get_template
    template = super().get_template(template_name, skip)
  File "/var/www/kampuslu/venv/lib/python3.10/site-packages/django/template/loaders/base.py", line 28, in get_template
    return Template(
  File "/var/www/kampuslu/venv/lib/python3.10/site-packages/django/template/base.py", line 154, in __init__
    self.nodelist = self.compile_nodelist()
  File "/var/www/kampuslu/venv/lib/python3.10/site-packages/django/template/base.py", line 196, in compile_nodelist
    nodelist = parser.parse()
  File "/var/www/kampuslu/venv/lib/python3.10/site-packages/django/template/base.py", line 512, in parse
    self.invalid_block_tag(token, command, parse_until)
  File "/var/www/kampuslu/venv/lib/python3.10/site-packages/django/template/base.py", line 577, in invalid_block_tag
    raise self.error(
django.template.exceptions.TemplateSyntaxError: Invalid block tag on line 32: 'static'. Did you forget to register or load this tag?
ERROR 2025-07-07 21:06:05,890 log 120197 140226263068672 Internal Server Error: /post/
Traceback (most recent call last):
  File "/var/www/kampuslu/venv/lib/python3.10/site-packages/django/template/base.py", line 510, in parse
    compile_func = self.tags[command]
KeyError: 'static'

During handling of the above exception, another exception occurred:

Traceback (most recent call last):
  File "/var/www/kampuslu/venv/lib/python3.10/site-packages/django/core/handlers/exception.py", line 55, in inner
    response = get_response(request)
  File "/var/www/kampuslu/venv/lib/python3.10/site-packages/django/core/handlers/base.py", line 220, in _get_response
    response = response.render()
  File "/var/www/kampuslu/venv/lib/python3.10/site-packages/django/template/response.py", line 114, in render
    self.content = self.rendered_content
  File "/var/www/kampuslu/venv/lib/python3.10/site-packages/django/template/response.py", line 92, in rendered_content
    return template.render(context, self._request)
  File "/var/www/kampuslu/venv/lib/python3.10/site-packages/django/template/backends/django.py", line 107, in render
    return self.template.render(context)
  File "/var/www/kampuslu/venv/lib/python3.10/site-packages/django/template/base.py", line 171, in render
    return self._render(context)
  File "/var/www/kampuslu/venv/lib/python3.10/site-packages/django/template/base.py", line 163, in _render
    return self.nodelist.render(context)
  File "/var/www/kampuslu/venv/lib/python3.10/site-packages/django/template/base.py", line 1016, in render
    return SafeString("".join([node.render_annotated(context) for node in self]))
  File "/var/www/kampuslu/venv/lib/python3.10/site-packages/django/template/base.py", line 1016, in <listcomp>
    return SafeString("".join([node.render_annotated(context) for node in self]))
  File "/var/www/kampuslu/venv/lib/python3.10/site-packages/django/template/base.py", line 977, in render_annotated
    return self.render(context)
  File "/var/www/kampuslu/venv/lib/python3.10/site-packages/django/template/loader_tags.py", line 159, in render
    return compiled_parent._render(context)
  File "/var/www/kampuslu/venv/lib/python3.10/site-packages/django/template/base.py", line 163, in _render
    return self.nodelist.render(context)
  File "/var/www/kampuslu/venv/lib/python3.10/site-packages/django/template/base.py", line 1016, in render
    return SafeString("".join([node.render_annotated(context) for node in self]))
  File "/var/www/kampuslu/venv/lib/python3.10/site-packages/django/template/base.py", line 1016, in <listcomp>
    return SafeString("".join([node.render_annotated(context) for node in self]))
  File "/var/www/kampuslu/venv/lib/python3.10/site-packages/django/template/base.py", line 977, in render_annotated
    return self.render(context)
  File "/var/www/kampuslu/venv/lib/python3.10/site-packages/django/template/loader_tags.py", line 65, in render
    result = block.nodelist.render(context)
  File "/var/www/kampuslu/venv/lib/python3.10/site-packages/django/template/base.py", line 1016, in render
    return SafeString("".join([node.render_annotated(context) for node in self]))
  File "/var/www/kampuslu/venv/lib/python3.10/site-packages/django/template/base.py", line 1016, in <listcomp>
    return SafeString("".join([node.render_annotated(context) for node in self]))
  File "/var/www/kampuslu/venv/lib/python3.10/site-packages/django/template/base.py", line 977, in render_annotated
    return self.render(context)
  File "/var/www/kampuslu/venv/lib/python3.10/site-packages/django/template/loader_tags.py", line 199, in render
    template = context.template.engine.select_template(template_name)
  File "/var/www/kampuslu/venv/lib/python3.10/site-packages/django/template/engine.py", line 208, in select_template
    return self.get_template(template_name)
  File "/var/www/kampuslu/venv/lib/python3.10/site-packages/django/template/engine.py", line 177, in get_template
    template, origin = self.find_template(template_name)
  File "/var/www/kampuslu/venv/lib/python3.10/site-packages/django/template/engine.py", line 159, in find_template
    template = loader.get_template(name, skip=skip)
  File "/var/www/kampuslu/venv/lib/python3.10/site-packages/django/template/loaders/cached.py", line 57, in get_template
    template = super().get_template(template_name, skip)
  File "/var/www/kampuslu/venv/lib/python3.10/site-packages/django/template/loaders/base.py", line 28, in get_template
    return Template(
  File "/var/www/kampuslu/venv/lib/python3.10/site-packages/django/template/base.py", line 154, in __init__
    self.nodelist = self.compile_nodelist()
  File "/var/www/kampuslu/venv/lib/python3.10/site-packages/django/template/base.py", line 196, in compile_nodelist
    nodelist = parser.parse()
  File "/var/www/kampuslu/venv/lib/python3.10/site-packages/django/template/base.py", line 512, in parse
    self.invalid_block_tag(token, command, parse_until)
  File "/var/www/kampuslu/venv/lib/python3.10/site-packages/django/template/base.py", line 577, in invalid_block_tag
    raise self.error(
django.template.exceptions.TemplateSyntaxError: Invalid block tag on line 32: 'static'. Did you forget to register or load this tag?
                                                                                                                                                                                                                                                                                                                                                                                                                                                                                                                                                                                                                                                                                                                                                                                                                                                                                                                                                                                                                                                                                                                                                                                                                                                                                                                                                                                                                                                                                                                                                                                                                                                                                                                                                                                                                                                                                                                                                                                                                                                                                                                                                                                                                                                                                                                                                                                                                                                                                                                                                                                                                                                                                                                                                                                                                                                                 ERROR 2025-07-07 21:08:16,136 log 952 139818352742400 Internal Server Error: /post/
Traceback (most recent call last):
  File "/var/www/kampuslu/venv/lib/python3.10/site-packages/django/template/base.py", line 510, in parse
    compile_func = self.tags[command]
KeyError: 'static'

During handling of the above exception, another exception occurred:

Traceback (most recent call last):
  File "/var/www/kampuslu/venv/lib/python3.10/site-packages/django/core/handlers/exception.py", line 55, in inner
    response = get_response(request)
  File "/var/www/kampuslu/venv/lib/python3.10/site-packages/django/core/handlers/base.py", line 220, in _get_response
    response = response.render()
  File "/var/www/kampuslu/venv/lib/python3.10/site-packages/django/template/response.py", line 114, in render
    self.content = self.rendered_content
  File "/var/www/kampuslu/venv/lib/python3.10/site-packages/django/template/response.py", line 92, in rendered_content
    return template.render(context, self._request)
  File "/var/www/kampuslu/venv/lib/python3.10/site-packages/django/template/backends/django.py", line 107, in render
    return self.template.render(context)
  File "/var/www/kampuslu/venv/lib/python3.10/site-packages/django/template/base.py", line 171, in render
    return self._render(context)
  File "/var/www/kampuslu/venv/lib/python3.10/site-packages/django/template/base.py", line 163, in _render
    return self.nodelist.render(context)
  File "/var/www/kampuslu/venv/lib/python3.10/site-packages/django/template/base.py", line 1016, in render
    return SafeString("".join([node.render_annotated(context) for node in self]))
  File "/var/www/kampuslu/venv/lib/python3.10/site-packages/django/template/base.py", line 1016, in <listcomp>
    return SafeString("".join([node.render_annotated(context) for node in self]))
  File "/var/www/kampuslu/venv/lib/python3.10/site-packages/django/template/base.py", line 977, in render_annotated
    return self.render(context)
  File "/var/www/kampuslu/venv/lib/python3.10/site-packages/django/template/loader_tags.py", line 159, in render
    return compiled_parent._render(context)
  File "/var/www/kampuslu/venv/lib/python3.10/site-packages/django/template/base.py", line 163, in _render
    return self.nodelist.render(context)
  File "/var/www/kampuslu/venv/lib/python3.10/site-packages/django/template/base.py", line 1016, in render
    return SafeString("".join([node.render_annotated(context) for node in self]))
  File "/var/www/kampuslu/venv/lib/python3.10/site-packages/django/template/base.py", line 1016, in <listcomp>
    return SafeString("".join([node.render_annotated(context) for node in self]))
  File "/var/www/kampuslu/venv/lib/python3.10/site-packages/django/template/base.py", line 977, in render_annotated
    return self.render(context)
  File "/var/www/kampuslu/venv/lib/python3.10/site-packages/django/template/loader_tags.py", line 65, in render
    result = block.nodelist.render(context)
  File "/var/www/kampuslu/venv/lib/python3.10/site-packages/django/template/base.py", line 1016, in render
    return SafeString("".join([node.render_annotated(context) for node in self]))
  File "/var/www/kampuslu/venv/lib/python3.10/site-packages/django/template/base.py", line 1016, in <listcomp>
    return SafeString("".join([node.render_annotated(context) for node in self]))
  File "/var/www/kampuslu/venv/lib/python3.10/site-packages/django/template/base.py", line 977, in render_annotated
    return self.render(context)
  File "/var/www/kampuslu/venv/lib/python3.10/site-packages/django/template/loader_tags.py", line 199, in render
    template = context.template.engine.select_template(template_name)
  File "/var/www/kampuslu/venv/lib/python3.10/site-packages/django/template/engine.py", line 208, in select_template
    return self.get_template(template_name)
  File "/var/www/kampuslu/venv/lib/python3.10/site-packages/django/template/engine.py", line 177, in get_template
    template, origin = self.find_template(template_name)
  File "/var/www/kampuslu/venv/lib/python3.10/site-packages/django/template/engine.py", line 159, in find_template
    template = loader.get_template(name, skip=skip)
  File "/var/www/kampuslu/venv/lib/python3.10/site-packages/django/template/loaders/cached.py", line 57, in get_template
    template = super().get_template(template_name, skip)
  File "/var/www/kampuslu/venv/lib/python3.10/site-packages/django/template/loaders/base.py", line 28, in get_template
    return Template(
  File "/var/www/kampuslu/venv/lib/python3.10/site-packages/django/template/base.py", line 154, in __init__
    self.nodelist = self.compile_nodelist()
  File "/var/www/kampuslu/venv/lib/python3.10/site-packages/django/template/base.py", line 196, in compile_nodelist
    nodelist = parser.parse()
  File "/var/www/kampuslu/venv/lib/python3.10/site-packages/django/template/base.py", line 512, in parse
    self.invalid_block_tag(token, command, parse_until)
  File "/var/www/kampuslu/venv/lib/python3.10/site-packages/django/template/base.py", line 577, in invalid_block_tag
    raise self.error(
django.template.exceptions.TemplateSyntaxError: Invalid block tag on line 32: 'static'. Did you forget to register or load this tag?
WARNING 2025-07-07 21:08:16,595 log 951 139818352742400 Not Found: /favicon.ico
ERROR 2025-07-07 21:08:21,475 log 951 139818352742400 Internal Server Error: /post/
Traceback (most recent call last):
  File "/var/www/kampuslu/venv/lib/python3.10/site-packages/django/template/base.py", line 510, in parse
    compile_func = self.tags[command]
KeyError: 'static'

During handling of the above exception, another exception occurred:

Traceback (most recent call last):
  File "/var/www/kampuslu/venv/lib/python3.10/site-packages/django/core/handlers/exception.py", line 55, in inner
    response = get_response(request)
  File "/var/www/kampuslu/venv/lib/python3.10/site-packages/django/core/handlers/base.py", line 220, in _get_response
    response = response.render()
  File "/var/www/kampuslu/venv/lib/python3.10/site-packages/django/template/response.py", line 114, in render
    self.content = self.rendered_content
  File "/var/www/kampuslu/venv/lib/python3.10/site-packages/django/template/response.py", line 92, in rendered_content
    return template.render(context, self._request)
  File "/var/www/kampuslu/venv/lib/python3.10/site-packages/django/template/backends/django.py", line 107, in render
    return self.template.render(context)
  File "/var/www/kampuslu/venv/lib/python3.10/site-packages/django/template/base.py", line 171, in render
    return self._render(context)
  File "/var/www/kampuslu/venv/lib/python3.10/site-packages/django/template/base.py", line 163, in _render
    return self.nodelist.render(context)
  File "/var/www/kampuslu/venv/lib/python3.10/site-packages/django/template/base.py", line 1016, in render
    return SafeString("".join([node.render_annotated(context) for node in self]))
  File "/var/www/kampuslu/venv/lib/python3.10/site-packages/django/template/base.py", line 1016, in <listcomp>
    return SafeString("".join([node.render_annotated(context) for node in self]))
  File "/var/www/kampuslu/venv/lib/python3.10/site-packages/django/template/base.py", line 977, in render_annotated
    return self.render(context)
  File "/var/www/kampuslu/venv/lib/python3.10/site-packages/django/template/loader_tags.py", line 159, in render
    return compiled_parent._render(context)
  File "/var/www/kampuslu/venv/lib/python3.10/site-packages/django/template/base.py", line 163, in _render
    return self.nodelist.render(context)
  File "/var/www/kampuslu/venv/lib/python3.10/site-packages/django/template/base.py", line 1016, in render
    return SafeString("".join([node.render_annotated(context) for node in self]))
  File "/var/www/kampuslu/venv/lib/python3.10/site-packages/django/template/base.py", line 1016, in <listcomp>
    return SafeString("".join([node.render_annotated(context) for node in self]))
  File "/var/www/kampuslu/venv/lib/python3.10/site-packages/django/template/base.py", line 977, in render_annotated
    return self.render(context)
  File "/var/www/kampuslu/venv/lib/python3.10/site-packages/django/template/loader_tags.py", line 65, in render
    result = block.nodelist.render(context)
  File "/var/www/kampuslu/venv/lib/python3.10/site-packages/django/template/base.py", line 1016, in render
    return SafeString("".join([node.render_annotated(context) for node in self]))
  File "/var/www/kampuslu/venv/lib/python3.10/site-packages/django/template/base.py", line 1016, in <listcomp>
    return SafeString("".join([node.render_annotated(context) for node in self]))
  File "/var/www/kampuslu/venv/lib/python3.10/site-packages/django/template/base.py", line 977, in render_annotated
    return self.render(context)
  File "/var/www/kampuslu/venv/lib/python3.10/site-packages/django/template/loader_tags.py", line 199, in render
    template = context.template.engine.select_template(template_name)
  File "/var/www/kampuslu/venv/lib/python3.10/site-packages/django/template/engine.py", line 208, in select_template
    return self.get_template(template_name)
  File "/var/www/kampuslu/venv/lib/python3.10/site-packages/django/template/engine.py", line 177, in get_template
    template, origin = self.find_template(template_name)
  File "/var/www/kampuslu/venv/lib/python3.10/site-packages/django/template/engine.py", line 159, in find_template
    template = loader.get_template(name, skip=skip)
  File "/var/www/kampuslu/venv/lib/python3.10/site-packages/django/template/loaders/cached.py", line 57, in get_template
    template = super().get_template(template_name, skip)
  File "/var/www/kampuslu/venv/lib/python3.10/site-packages/django/template/loaders/base.py", line 28, in get_template
    return Template(
  File "/var/www/kampuslu/venv/lib/python3.10/site-packages/django/template/base.py", line 154, in __init__
    self.nodelist = self.compile_nodelist()
  File "/var/www/kampuslu/venv/lib/python3.10/site-packages/django/template/base.py", line 196, in compile_nodelist
    nodelist = parser.parse()
  File "/var/www/kampuslu/venv/lib/python3.10/site-packages/django/template/base.py", line 512, in parse
    self.invalid_block_tag(token, command, parse_until)
  File "/var/www/kampuslu/venv/lib/python3.10/site-packages/django/template/base.py", line 577, in invalid_block_tag
    raise self.error(
django.template.exceptions.TemplateSyntaxError: Invalid block tag on line 32: 'static'. Did you forget to register or load this tag?
ERROR 2025-07-07 21:08:50,840 log 951 139818352742400 Internal Server Error: /post/
Traceback (most recent call last):
  File "/var/www/kampuslu/venv/lib/python3.10/site-packages/django/template/base.py", line 510, in parse
    compile_func = self.tags[command]
KeyError: 'static'

During handling of the above exception, another exception occurred:

Traceback (most recent call last):
  File "/var/www/kampuslu/venv/lib/python3.10/site-packages/django/core/handlers/exception.py", line 55, in inner
    response = get_response(request)
  File "/var/www/kampuslu/venv/lib/python3.10/site-packages/django/core/handlers/base.py", line 220, in _get_response
    response = response.render()
  File "/var/www/kampuslu/venv/lib/python3.10/site-packages/django/template/response.py", line 114, in render
    self.content = self.rendered_content
  File "/var/www/kampuslu/venv/lib/python3.10/site-packages/django/template/response.py", line 92, in rendered_content
    return template.render(context, self._request)
  File "/var/www/kampuslu/venv/lib/python3.10/site-packages/django/template/backends/django.py", line 107, in render
    return self.template.render(context)
  File "/var/www/kampuslu/venv/lib/python3.10/site-packages/django/template/base.py", line 171, in render
    return self._render(context)
  File "/var/www/kampuslu/venv/lib/python3.10/site-packages/django/template/base.py", line 163, in _render
    return self.nodelist.render(context)
  File "/var/www/kampuslu/venv/lib/python3.10/site-packages/django/template/base.py", line 1016, in render
    return SafeString("".join([node.render_annotated(context) for node in self]))
  File "/var/www/kampuslu/venv/lib/python3.10/site-packages/django/template/base.py", line 1016, in <listcomp>
    return SafeString("".join([node.render_annotated(context) for node in self]))
  File "/var/www/kampuslu/venv/lib/python3.10/site-packages/django/template/base.py", line 977, in render_annotated
    return self.render(context)
  File "/var/www/kampuslu/venv/lib/python3.10/site-packages/django/template/loader_tags.py", line 159, in render
    return compiled_parent._render(context)
  File "/var/www/kampuslu/venv/lib/python3.10/site-packages/django/template/base.py", line 163, in _render
    return self.nodelist.render(context)
  File "/var/www/kampuslu/venv/lib/python3.10/site-packages/django/template/base.py", line 1016, in render
    return SafeString("".join([node.render_annotated(context) for node in self]))
  File "/var/www/kampuslu/venv/lib/python3.10/site-packages/django/template/base.py", line 1016, in <listcomp>
    return SafeString("".join([node.render_annotated(context) for node in self]))
  File "/var/www/kampuslu/venv/lib/python3.10/site-packages/django/template/base.py", line 977, in render_annotated
    return self.render(context)
  File "/var/www/kampuslu/venv/lib/python3.10/site-packages/django/template/loader_tags.py", line 65, in render
    result = block.nodelist.render(context)
  File "/var/www/kampuslu/venv/lib/python3.10/site-packages/django/template/base.py", line 1016, in render
    return SafeString("".join([node.render_annotated(context) for node in self]))
  File "/var/www/kampuslu/venv/lib/python3.10/site-packages/django/template/base.py", line 1016, in <listcomp>
    return SafeString("".join([node.render_annotated(context) for node in self]))
  File "/var/www/kampuslu/venv/lib/python3.10/site-packages/django/template/base.py", line 977, in render_annotated
    return self.render(context)
  File "/var/www/kampuslu/venv/lib/python3.10/site-packages/django/template/loader_tags.py", line 199, in render
    template = context.template.engine.select_template(template_name)
  File "/var/www/kampuslu/venv/lib/python3.10/site-packages/django/template/engine.py", line 208, in select_template
    return self.get_template(template_name)
  File "/var/www/kampuslu/venv/lib/python3.10/site-packages/django/template/engine.py", line 177, in get_template
    template, origin = self.find_template(template_name)
  File "/var/www/kampuslu/venv/lib/python3.10/site-packages/django/template/engine.py", line 159, in find_template
    template = loader.get_template(name, skip=skip)
  File "/var/www/kampuslu/venv/lib/python3.10/site-packages/django/template/loaders/cached.py", line 57, in get_template
    template = super().get_template(template_name, skip)
  File "/var/www/kampuslu/venv/lib/python3.10/site-packages/django/template/loaders/base.py", line 28, in get_template
    return Template(
  File "/var/www/kampuslu/venv/lib/python3.10/site-packages/django/template/base.py", line 154, in __init__
    self.nodelist = self.compile_nodelist()
  File "/var/www/kampuslu/venv/lib/python3.10/site-packages/django/template/base.py", line 196, in compile_nodelist
    nodelist = parser.parse()
  File "/var/www/kampuslu/venv/lib/python3.10/site-packages/django/template/base.py", line 512, in parse
    self.invalid_block_tag(token, command, parse_until)
  File "/var/www/kampuslu/venv/lib/python3.10/site-packages/django/template/base.py", line 577, in invalid_block_tag
    raise self.error(
django.template.exceptions.TemplateSyntaxError: Invalid block tag on line 32: 'static'. Did you forget to register or load this tag?
ERROR 2025-07-07 21:08:56,453 log 952 139818352742400 Internal Server Error: /post/
Traceback (most recent call last):
  File "/var/www/kampuslu/venv/lib/python3.10/site-packages/django/template/base.py", line 510, in parse
    compile_func = self.tags[command]
KeyError: 'static'

During handling of the above exception, another exception occurred:

Traceback (most recent call last):
  File "/var/www/kampuslu/venv/lib/python3.10/site-packages/django/core/handlers/exception.py", line 55, in inner
    response = get_response(request)
  File "/var/www/kampuslu/venv/lib/python3.10/site-packages/django/core/handlers/base.py", line 220, in _get_response
    response = response.render()
  File "/var/www/kampuslu/venv/lib/python3.10/site-packages/django/template/response.py", line 114, in render
    self.content = self.rendered_content
  File "/var/www/kampuslu/venv/lib/python3.10/site-packages/django/template/response.py", line 92, in rendered_content
    return template.render(context, self._request)
  File "/var/www/kampuslu/venv/lib/python3.10/site-packages/django/template/backends/django.py", line 107, in render
    return self.template.render(context)
  File "/var/www/kampuslu/venv/lib/python3.10/site-packages/django/template/base.py", line 171, in render
    return self._render(context)
  File "/var/www/kampuslu/venv/lib/python3.10/site-packages/django/template/base.py", line 163, in _render
    return self.nodelist.render(context)
  File "/var/www/kampuslu/venv/lib/python3.10/site-packages/django/template/base.py", line 1016, in render
    return SafeString("".join([node.render_annotated(context) for node in self]))
  File "/var/www/kampuslu/venv/lib/python3.10/site-packages/django/template/base.py", line 1016, in <listcomp>
    return SafeString("".join([node.render_annotated(context) for node in self]))
  File "/var/www/kampuslu/venv/lib/python3.10/site-packages/django/template/base.py", line 977, in render_annotated
    return self.render(context)
  File "/var/www/kampuslu/venv/lib/python3.10/site-packages/django/template/loader_tags.py", line 159, in render
    return compiled_parent._render(context)
  File "/var/www/kampuslu/venv/lib/python3.10/site-packages/django/template/base.py", line 163, in _render
    return self.nodelist.render(context)
  File "/var/www/kampuslu/venv/lib/python3.10/site-packages/django/template/base.py", line 1016, in render
    return SafeString("".join([node.render_annotated(context) for node in self]))
  File "/var/www/kampuslu/venv/lib/python3.10/site-packages/django/template/base.py", line 1016, in <listcomp>
    return SafeString("".join([node.render_annotated(context) for node in self]))
  File "/var/www/kampuslu/venv/lib/python3.10/site-packages/django/template/base.py", line 977, in render_annotated
    return self.render(context)
  File "/var/www/kampuslu/venv/lib/python3.10/site-packages/django/template/loader_tags.py", line 65, in render
    result = block.nodelist.render(context)
  File "/var/www/kampuslu/venv/lib/python3.10/site-packages/django/template/base.py", line 1016, in render
    return SafeString("".join([node.render_annotated(context) for node in self]))
  File "/var/www/kampuslu/venv/lib/python3.10/site-packages/django/template/base.py", line 1016, in <listcomp>
    return SafeString("".join([node.render_annotated(context) for node in self]))
  File "/var/www/kampuslu/venv/lib/python3.10/site-packages/django/template/base.py", line 977, in render_annotated
    return self.render(context)
  File "/var/www/kampuslu/venv/lib/python3.10/site-packages/django/template/loader_tags.py", line 199, in render
    template = context.template.engine.select_template(template_name)
  File "/var/www/kampuslu/venv/lib/python3.10/site-packages/django/template/engine.py", line 208, in select_template
    return self.get_template(template_name)
  File "/var/www/kampuslu/venv/lib/python3.10/site-packages/django/template/engine.py", line 177, in get_template
    template, origin = self.find_template(template_name)
  File "/var/www/kampuslu/venv/lib/python3.10/site-packages/django/template/engine.py", line 159, in find_template
    template = loader.get_template(name, skip=skip)
  File "/var/www/kampuslu/venv/lib/python3.10/site-packages/django/template/loaders/cached.py", line 57, in get_template
    template = super().get_template(template_name, skip)
  File "/var/www/kampuslu/venv/lib/python3.10/site-packages/django/template/loaders/base.py", line 28, in get_template
    return Template(
  File "/var/www/kampuslu/venv/lib/python3.10/site-packages/django/template/base.py", line 154, in __init__
    self.nodelist = self.compile_nodelist()
  File "/var/www/kampuslu/venv/lib/python3.10/site-packages/django/template/base.py", line 196, in compile_nodelist
    nodelist = parser.parse()
  File "/var/www/kampuslu/venv/lib/python3.10/site-packages/django/template/base.py", line 512, in parse
    self.invalid_block_tag(token, command, parse_until)
  File "/var/www/kampuslu/venv/lib/python3.10/site-packages/django/template/base.py", line 577, in invalid_block_tag
    raise self.error(
django.template.exceptions.TemplateSyntaxError: Invalid block tag on line 32: 'static'. Did you forget to register or load this tag?
WARNING 2025-07-07 21:18:02,240 log 952 139818352742400 Not Found: /wp-admin/setup-config.php
WARNING 2025-07-07 21:18:46,640 log 951 139818352742400 Not Found: /wp-admin/setup-config.php
WARNING 2025-07-07 21:19:05,498 log 950 139818352742400 Not Found: /wordpress/wp-admin/setup-config.php
WARNING 2025-07-07 21:21:24,565 log 950 139818352742400 Not Found: /wordpress/wp-admin/setup-config.php
WARNING 2025-07-07 21:21:37,865 log 952 139818352742400 Not Found: /wp-admin/setup-config.php
WARNING 2025-07-07 21:22:40,394 log 950 139818352742400 Not Found: /apple-touch-icon-120x120-precomposed.png
WARNING 2025-07-07 21:22:40,466 log 951 139818352742400 Not Found: /apple-touch-icon-120x120.png
WARNING 2025-07-07 21:22:40,549 log 950 139818352742400 Not Found: /apple-touch-icon-precomposed.png
WARNING 2025-07-07 21:22:40,620 log 951 139818352742400 Not Found: /apple-touch-icon.png
WARNING 2025-07-07 21:25:28,187 log 950 139818352742400 Not Found: //wp-includes/ID3/license.txt
WARNING 2025-07-07 21:25:28,339 log 951 139818352742400 Not Found: //feed/
WARNING 2025-07-07 21:25:28,492 log 950 139818352742400 Not Found: //xmlrpc.php
WARNING 2025-07-07 21:25:28,645 log 951 139818352742400 Not Found: //blog/wp-includes/wlwmanifest.xml
WARNING 2025-07-07 21:25:28,806 log 950 139818352742400 Not Found: //web/wp-includes/wlwmanifest.xml
WARNING 2025-07-07 21:25:28,957 log 951 139818352742400 Not Found: //wordpress/wp-includes/wlwmanifest.xml
WARNING 2025-07-07 21:25:29,109 log 950 139818352742400 Not Found: //wp/wp-includes/wlwmanifest.xml
WARNING 2025-07-07 21:25:29,274 log 951 139818352742400 Not Found: //2020/wp-includes/wlwmanifest.xml
WARNING 2025-07-07 21:25:29,432 log 950 139818352742400 Not Found: //2019/wp-includes/wlwmanifest.xml
WARNING 2025-07-07 21:25:29,583 log 951 139818352742400 Not Found: //2021/wp-includes/wlwmanifest.xml
WARNING 2025-07-07 21:25:29,734 log 950 139818352742400 Not Found: //shop/wp-includes/wlwmanifest.xml
WARNING 2025-07-07 21:25:29,885 log 951 139818352742400 Not Found: //wp1/wp-includes/wlwmanifest.xml
WARNING 2025-07-07 21:25:30,034 log 950 139818352742400 Not Found: //test/wp-includes/wlwmanifest.xml
WARNING 2025-07-07 21:25:30,184 log 951 139818352742400 Not Found: //site/wp-includes/wlwmanifest.xml
WARNING 2025-07-07 21:25:30,334 log 950 139818352742400 Not Found: //cms/wp-includes/wlwmanifest.xml
WARNING 2025-07-07 21:26:07,009 log 950 139818352742400 Not Found: /ayt-notu/
WARNING 2025-07-07 21:29:49,981 log 951 139818352742400 Not Found: /developmentserver/metadatauploader
WARNING 2025-07-07 21:34:20,328 log 950 139818352742400 Not Found: /robots.txt
WARNING 2025-07-07 21:34:21,929 log 950 139818352742400 Not Found: /robots.txt
WARNING 2025-07-07 21:38:09,297 log 952 139818352742400 Not Found: /.well-known/traffic-advice
WARNING 2025-07-07 21:39:22,948 log 951 139818352742400 Unauthorized: /api/v1/auth/login/
WARNING 2025-07-07 21:39:27,072 log 950 139818352742400 Unauthorized: /api/v1/auth/login/
WARNING 2025-07-07 21:39:30,863 log 952 139818352742400 Not Found: /wp-admin/setup-config.php
WARNING 2025-07-07 21:40:44,723 log 952 139818352742400 Not Found: /wp-admin/setup-config.php
WARNING 2025-07-07 21:42:01,972 log 952 139818352742400 Not Found: /wordpress/wp-admin/setup-config.php
WARNING 2025-07-07 21:43:17,813 log 950 139818352742400 Not Found: /wordpress/wp-admin/setup-config.php
WARNING 2025-07-07 21:47:23,122 log 952 139818352742400 Not Found: /robots.txt
WARNING 2025-07-07 21:47:24,754 log 951 139818352742400 Not Found: /index.html
WARNING 2025-07-07 21:48:02,668 log 950 139818352742400 Not Found: /ecp/Current/exporttool/microsoft.exchange.ediscovery.exporttool.application
WARNING 2025-07-07 21:48:53,480 log 952 139818352742400 Not Found: /favicon.ico
WARNING 2025-07-07 21:50:14,813 log 952 139818352742400 Not Found: /robots.txt
WARNING 2025-07-07 22:00:24,009 log 952 139818352742400 Not Found: /wp-admin/setup-config.php
WARNING 2025-07-07 22:01:04,437 log 952 139818352742400 Not Found: /wp-admin/setup-config.php
WARNING 2025-07-07 22:01:15,232 log 952 139818352742400 Not Found: /apple-touch-icon.png
WARNING 2025-07-07 22:01:15,240 log 951 139818352742400 Not Found: /apple-touch-icon-precomposed.png
WARNING 2025-07-07 22:01:15,248 log 950 139818352742400 Not Found: /favicon.ico
WARNING 2025-07-07 22:02:28,581 log 950 139818352742400 Not Found: /wordpress/wp-admin/setup-config.php
WARNING 2025-07-07 22:02:58,471 log 951 139818352742400 Not Found: /wordpress/wp-admin/setup-config.php
WARNING 2025-07-07 22:05:55,268 log 950 139818352742400 Not Found: /robots.txt
WARNING 2025-07-07 22:14:30,865 log 951 139818352742400 Not Found: /tag/tercih-yokatlas-yok2022-yks-ykstercih-ykstercihler-tercih2023-kpss-yoktercih-kampuslu-kampuslutercih-universiterehberi-siralama-gunceltercih-guncelykstercih-tercihrehberi/page/2/
WARNING 2025-07-07 22:16:24,706 log 951 139818352742400 Not Found: /category/trderecelerinden/page/2/
WARNING 2025-07-07 22:20:44,049 log 950 139818352742400 Not Found: /wp-admin/setup-config.php
WARNING 2025-07-07 22:21:16,786 log 950 139818352742400 Not Found: /wordpress/wp-admin/setup-config.php
WARNING 2025-07-07 22:22:37,292 log 950 139818352742400 Not Found: /wordpress/wp-admin/setup-config.php
WARNING 2025-07-07 22:23:11,013 log 950 139818352742400 Not Found: /wp-admin/setup-config.php
WARNING 2025-07-07 22:34:17,576 log 950 139818352742400 Not Found: /robots.txt
WARNING 2025-07-07 22:34:18,264 log 952 139818352742400 Not Found: /robots.txt
WARNING 2025-07-07 22:40:56,772 log 952 139818352742400 Not Found: /wp-admin/setup-config.php
WARNING 2025-07-07 22:41:30,092 log 952 139818352742400 Not Found: /wordpress/wp-admin/setup-config.php
WARNING 2025-07-07 22:41:59,123 log 950 139818352742400 Not Found: //wp-includes/wlwmanifest.xml
WARNING 2025-07-07 22:41:59,331 log 952 139818352742400 Not Found: //xmlrpc.php
WARNING 2025-07-07 22:42:00,131 log 952 139818352742400 Not Found: //blog/wp-includes/wlwmanifest.xml
WARNING 2025-07-07 22:42:00,336 log 951 139818352742400 Not Found: //web/wp-includes/wlwmanifest.xml
WARNING 2025-07-07 22:42:00,536 log 952 139818352742400 Not Found: //wordpress/wp-includes/wlwmanifest.xml
WARNING 2025-07-07 22:42:00,984 log 950 139818352742400 Not Found: //website/wp-includes/wlwmanifest.xml
WARNING 2025-07-07 22:42:01,551 log 951 139818352742400 Not Found: //wp/wp-includes/wlwmanifest.xml
WARNING 2025-07-07 22:42:01,754 log 950 139818352742400 Not Found: //news/wp-includes/wlwmanifest.xml
WARNING 2025-07-07 22:42:01,953 log 951 139818352742400 Not Found: //2018/wp-includes/wlwmanifest.xml
WARNING 2025-07-07 22:42:02,156 log 950 139818352742400 Not Found: //2019/wp-includes/wlwmanifest.xml
WARNING 2025-07-07 22:42:02,355 log 951 139818352742400 Not Found: //shop/wp-includes/wlwmanifest.xml
WARNING 2025-07-07 22:42:02,799 log 952 139818352742400 Not Found: //wp1/wp-includes/wlwmanifest.xml
WARNING 2025-07-07 22:42:03,018 log 950 139818352742400 Not Found: //test/wp-includes/wlwmanifest.xml
WARNING 2025-07-07 22:42:03,652 log 952 139818352742400 Not Found: //wp2/wp-includes/wlwmanifest.xml
WARNING 2025-07-07 22:42:03,852 log 951 139818352742400 Not Found: //site/wp-includes/wlwmanifest.xml
WARNING 2025-07-07 22:42:04,055 log 952 139818352742400 Not Found: //cms/wp-includes/wlwmanifest.xml
WARNING 2025-07-07 22:42:04,256 log 951 139818352742400 Not Found: //sito/wp-includes/wlwmanifest.xml
WARNING 2025-07-07 22:42:07,654 log 952 139818352742400 Not Found: /wp-admin/setup-config.php
WARNING 2025-07-07 22:42:40,038 log 952 139818352742400 Not Found: /wordpress/wp-admin/setup-config.php
WARNING 2025-07-07 22:57:08,884 log 951 139818352742400 Not Found: /ayt-matematik/
WARNING 2025-07-07 22:57:37,255 log 950 139818352742400 Not Found: /.env
WARNING 2025-07-07 22:57:39,143 log 952 139818352742400 Not Found: /api/.env
WARNING 2025-07-07 22:57:39,791 log 951 139818352742400 Not Found: /backend/.env
WARNING 2025-07-07 22:57:42,331 log 950 139818352742400 Not Found: /.env.example
WARNING 2025-07-07 22:57:43,485 log 951 139818352742400 Not Found: /app_dev.php/_profiler/phpinfo
WARNING 2025-07-07 22:57:48,137 log 951 139818352742400 Not Found: /docs/.env
WARNING 2025-07-07 22:57:50,381 log 950 139818352742400 Not Found: /old/.env
WARNING 2025-07-07 22:57:51,572 log 951 139818352742400 Not Found: /.env.local
WARNING 2025-07-07 22:57:53,803 log 952 139818352742400 Not Found: /cms/.env
WARNING 2025-07-07 22:57:55,885 log 950 139818352742400 Not Found: /config.js
WARNING 2025-07-07 22:57:58,149 log 952 139818352742400 Not Found: /new/.env
WARNING 2025-07-07 22:58:26,038 log 951 139818352742400 Not Found: /surekli-kocluk
WARNING 2025-07-07 22:59:25,877 log 952 139818352742400 Not Found: /wp-admin/setup-config.php
WARNING 2025-07-07 22:59:26,513 log 950 139818352742400 Not Found: /wordpress/wp-admin/setup-config.php
WARNING 2025-07-07 23:01:23,130 log 951 139818352742400 Not Found: /wp-admin/setup-config.php
WARNING 2025-07-07 23:02:48,418 log 950 139818352742400 Not Found: /wordpress/wp-admin/setup-config.php
WARNING 2025-07-07 23:09:44,299 log 952 139818352742400 Not Found: /wordpress/wp-admin/setup-config.php
WARNING 2025-07-07 23:10:26,737 log 951 139818352742400 Not Found: /wordpress/wp-admin/setup-config.php
WARNING 2025-07-07 23:10:55,560 log 950 139818352742400 Not Found: /wp-admin/setup-config.php
WARNING 2025-07-07 23:13:29,570 log 951 139818352742400 Not Found: /wp-admin/setup-config.php
WARNING 2025-07-07 23:22:54,079 log 950 139818352742400 Not Found: /.env
WARNING 2025-07-07 23:30:26,291 log 950 139818352742400 Not Found: //
WARNING 2025-07-07 23:30:27,995 log 951 139818352742400 Not Found: //wordpress/
WARNING 2025-07-07 23:32:09,616 log 950 139818352742400 Not Found: /wordpress/wp-admin/setup-config.php
WARNING 2025-07-07 23:33:17,279 log 951 139818352742400 Not Found: /wp-admin/setup-config.php
WARNING 2025-07-07 23:33:24,131 log 952 139818352742400 Not Found: /wp-admin/setup-config.php
WARNING 2025-07-07 23:34:14,951 log 952 139818352742400 Not Found: /wordpress/wp-admin/setup-config.php
WARNING 2025-07-07 23:35:42,246 log 951 139818352742400 Not Found: /wp-admin/setup-config.php
